#
# A fatal error has been detected by the Java Runtime Environment:
#
#  EXCEPTION_ACCESS_VIOLATION (0xc0000005) at pc=0x0000000000000000, pid=22788, tid=27224
#
# JRE version: Java(TM) SE Runtime Environment (18.0.1+10) (build 18.0.1+10-24)
# Java VM: Java HotSpot(TM) 64-Bit Server VM (18.0.1+10-24, mixed mode, sharing, tiered, compressed oops, compressed class ptrs, g1 gc, windows-amd64)
# Problematic frame:
# C  0x0000000000000000
#
# No core dump will be written. Minidumps are not enabled by default on client versions of Windows
#
# If you would like to submit a bug report, please visit:
#   https://bugreport.java.com/bugreport/crash.jsp
# The crash happened outside the Java Virtual Machine in native code.
# See problematic frame for where to report the bug.
#

---------------  S U M M A R Y ------------

Command Line: -agentlib:jdwp=transport=dt_socket,address=127.0.0.1:60594,suspend=y,server=n -javaagent:C:\Users\Camer\AppData\Local\JetBrains\IdeaIC2023.2\captureAgent\debugger-agent.jar -Dfile.encoding=UTF-8 -Dsun.stdout.encoding=UTF-8 -Dsun.stderr.encoding=UTF-8 com.quickscythe.silver.Main

Host: AMD Ryzen 3 3100 4-Core Processor              , 8 cores, 11G,  Windows 10 , 64 bit Build 19041 (10.0.19041.3636)
Time: Tue Jan 30 14:54:03 2024 Central Standard Time elapsed time: 204.111762 seconds (0d 0h 3m 24s)

---------------  T H R E A D  ---------------

Current thread (0x0000016436570af0):  JavaThread "AWT-Windows" daemon [_thread_in_native, id=27224, stack(0x000000590f100000,0x000000590f200000)]

Stack: [0x000000590f100000,0x000000590f200000],  sp=0x000000590f1feab8,  free space=1018k
Native frames: (J=compiled Java code, j=interpreted, Vv=VM code, C=native code)

Java frames: (J=compiled Java code, j=interpreted, Vv=VM code)
j  sun.awt.windows.WToolkit.eventLoop()V+0 java.desktop@18.0.1
j  sun.awt.windows.WToolkit.run()V+50 java.desktop@18.0.1
j  java.lang.Thread.run()V+11 java.base@18.0.1
v  ~StubRoutines::call_stub

siginfo: EXCEPTION_ACCESS_VIOLATION (0xc0000005), data execution prevention violation at address 0x0000000000000000


Register to memory mapping:

RIP=0x0 is NULL
RAX=0x0 is NULL
RBX=0x0000016436ba3f60 points into unknown readable memory: 0x000001643b986838 | 38 68 98 3b 64 01 00 00
RCX=0x0 is NULL
RDX=0x000001643b986838 points into unknown readable memory: 0x0000000200000058 | 58 00 00 00 02 00 00 00
RSP=0x000000590f1feab8 is pointing into the stack for thread: 0x0000016436570af0
RBP=0x00007ff9e83ea7e0 awt.dll
RSI=0x0 is NULL
RDI=0x00000164369600f0 points into unknown readable memory: 0x0000000000000000 | 00 00 00 00 00 00 00 00
R8 =0x0000016436ba3f60 points into unknown readable memory: 0x000001643b986838 | 38 68 98 3b 64 01 00 00
R9 =0x0 is NULL
R10=0x0000000000008000 is an unknown value
R11=0x000000590f1fec80 is pointing into the stack for thread: 0x0000016436570af0
R12=0x0 is NULL
R13={method} {0x00000164321ad0a8} 'eventLoop' '()V' in 'sun/awt/windows/WToolkit'
R14=0x000000590f1fef68 is pointing into the stack for thread: 0x0000016436570af0
R15=0x0000016436570af0 is a thread


Registers:
RAX=0x0000000000000000, RBX=0x0000016436ba3f60, RCX=0x0000000000000000, RDX=0x000001643b986838
RSP=0x000000590f1feab8, RBP=0x00007ff9e83ea7e0, RSI=0x0000000000000000, RDI=0x00000164369600f0
R8 =0x0000016436ba3f60, R9 =0x0000000000000000, R10=0x0000000000008000, R11=0x000000590f1fec80
R12=0x0000000000000000, R13=0x00000164321ad0a0, R14=0x000000590f1fef68, R15=0x0000016436570af0
RIP=0x0000000000000000, EFLAGS=0x0000000000010202

Top of Stack: (sp=0x000000590f1feab8)
0x000000590f1feab8:   00007ff9f3772b18 000001643257ea00
0x000000590f1feac8:   0000000000000000 0000445602f7c78d
0x000000590f1fead8:   00007ffa0000000e 00000164369600f0
0x000000590f1feae8:   00007ff9f3772a47 0000016436ba3f60
0x000000590f1feaf8:   00000164367a2e50 000000590f1fec78
0x000000590f1feb08:   00007ff9e48fad7b 000001643d556240
0x000000590f1feb18:   00007ff9f375041e 0000016436bcf2e0
0x000000590f1feb28:   0000016436570af0 000001643d2e2b30
0x000000590f1feb38:   000000590f1feb80 00000164369600f0
0x000000590f1feb48:   0000016436ba3f60 000001640000000e
0x000000590f1feb58:   00007ffa11b35ba1 0000000000000000
0x000000590f1feb68:   00007ff9f375033b 00000164361a4c60
0x000000590f1feb78:   00007ff9e48f78ef fffffffffffffffe
0x000000590f1feb88:   fffffffffffffffe 000000590f1fef68
0x000000590f1feb98:   00007ff9f37502a0 0000000000000001
0x000000590f1feba8:   0000000000000001 0000016436bcf2e0 

Instructions: (pc=0x0000000000000000)
0xffffffffffffff00:   


Stack slot to memory mapping:
stack at sp + 0 slots: 0x00007ff9f3772b18 d3d9.dll
stack at sp + 1 slots: 0x000001643257ea00 is pointing into metadata
stack at sp + 2 slots: 0x0 is NULL
stack at sp + 3 slots: 0x0000445602f7c78d is an unknown value
stack at sp + 4 slots: 0x00007ffa0000000e is an unknown value
stack at sp + 5 slots: 0x00000164369600f0 points into unknown readable memory: 0x0000000000000000 | 00 00 00 00 00 00 00 00
stack at sp + 6 slots: 0x00007ff9f3772a47 d3d9.dll
stack at sp + 7 slots: 0x0000016436ba3f60 points into unknown readable memory: 0x000001643b986838 | 38 68 98 3b 64 01 00 00


---------------  P R O C E S S  ---------------

Threads class SMR info:
_java_thread_list=0x000001643d53f470, length=21, elements={
0x0000016431e34d20, 0x0000016431e398a0, 0x0000016431e4f1b0, 0x0000016431e50a70,
0x0000016431e51730, 0x0000016431e55e20, 0x0000016431e5a1a0, 0x0000016431e64c00,
0x0000016431e67660, 0x0000016436027e60, 0x0000016436155230, 0x0000016436133170,
0x000001643627a520, 0x000001643627a9e0, 0x0000016436570af0, 0x0000016436109f40,
0x0000016436bcd570, 0x000001643d5459b0, 0x000001641169c750, 0x000001643dc26b20,
0x000001643dc28cd0
}

Java Threads: ( => current thread )
  0x0000016431e34d20 JavaThread "Reference Handler" daemon [_thread_blocked, id=27800, stack(0x000000590e000000,0x000000590e100000)]
  0x0000016431e398a0 JavaThread "Finalizer" daemon [_thread_blocked, id=18356, stack(0x000000590e100000,0x000000590e200000)]
  0x0000016431e4f1b0 JavaThread "Signal Dispatcher" daemon [_thread_blocked, id=24976, stack(0x000000590e200000,0x000000590e300000)]
  0x0000016431e50a70 JavaThread "Attach Listener" daemon [_thread_blocked, id=16280, stack(0x000000590e300000,0x000000590e400000)]
  0x0000016431e51730 JavaThread "Service Thread" daemon [_thread_blocked, id=26512, stack(0x000000590e400000,0x000000590e500000)]
  0x0000016431e55e20 JavaThread "Monitor Deflation Thread" daemon [_thread_blocked, id=8928, stack(0x000000590e500000,0x000000590e600000)]
  0x0000016431e5a1a0 JavaThread "C2 CompilerThread0" daemon [_thread_blocked, id=28632, stack(0x000000590e600000,0x000000590e700000)]
  0x0000016431e64c00 JavaThread "C1 CompilerThread0" daemon [_thread_blocked, id=24564, stack(0x000000590e700000,0x000000590e800000)]
  0x0000016431e67660 JavaThread "Sweeper thread" daemon [_thread_blocked, id=25048, stack(0x000000590e800000,0x000000590e900000)]
  0x0000016436027e60 JavaThread "Common-Cleaner" daemon [_thread_blocked, id=18792, stack(0x000000590e900000,0x000000590ea00000)]
  0x0000016436155230 JavaThread "JDWP Event Helper Thread" daemon [_thread_blocked, id=3300, stack(0x000000590eb00000,0x000000590ec00000)]
  0x0000016436133170 JavaThread "Notification Thread" daemon [_thread_blocked, id=28160, stack(0x000000590ed00000,0x000000590ee00000)]
  0x000001643627a520 JavaThread "Java2D Disposer" daemon [_thread_blocked, id=17680, stack(0x000000590ef00000,0x000000590f000000)]
  0x000001643627a9e0 JavaThread "AWT-Shutdown" [_thread_blocked, id=21920, stack(0x000000590f000000,0x000000590f100000)]
=>0x0000016436570af0 JavaThread "AWT-Windows" daemon [_thread_in_native, id=27224, stack(0x000000590f100000,0x000000590f200000)]
  0x0000016436109f40 JavaThread "TimerQueue" daemon [_thread_blocked, id=28500, stack(0x0000005910d00000,0x0000005910e00000)]
  0x0000016436bcd570 JavaThread "Thread-0" [_thread_in_native, id=29512, stack(0x0000005910e00000,0x0000005910f00000)]
  0x000001643d5459b0 JavaThread "AWT-EventQueue-0" [_thread_blocked, id=14824, stack(0x0000005911000000,0x0000005911100000)]
  0x000001641169c750 JavaThread "DestroyJavaVM" [_thread_blocked, id=19512, stack(0x000000590d900000,0x000000590da00000)]
  0x000001643dc26b20 JavaThread "SIGINT handler" daemon [_thread_blocked, id=5592, stack(0x000000590d600000,0x000000590d700000)]
  0x000001643dc28cd0 JavaThread "ToolkitShutdown" daemon [_thread_in_native, id=15960, stack(0x000000590d800000,0x000000590d900000)]

Other Threads:
  0x000001641170d390 VMThread "VM Thread" [stack: 0x000000590df00000,0x000000590e000000] [id=11160]
  0x0000016436133630 WatcherThread "VM Periodic Task Thread" [stack: 0x000000590ee00000,0x000000590ef00000] [id=19268]
  0x00000164116f6b50 WorkerThread "GC Thread#0" [stack: 0x000000590da00000,0x000000590db00000] [id=23560]
  0x000001643d1b7d00 WorkerThread "GC Thread#1" [stack: 0x0000005910500000,0x0000005910600000] [id=23748]
  0x000001643d329820 WorkerThread "GC Thread#2" [stack: 0x0000005910600000,0x0000005910700000] [id=716]
  0x0000016436ba8800 WorkerThread "GC Thread#3" [stack: 0x0000005910700000,0x0000005910800000] [id=8956]
  0x0000016436ba8aa0 WorkerThread "GC Thread#4" [stack: 0x0000005910800000,0x0000005910900000] [id=9556]
  0x0000016436bd9000 WorkerThread "GC Thread#5" [stack: 0x0000005910900000,0x0000005910a00000] [id=18672]
  0x0000016436bd4350 WorkerThread "GC Thread#6" [stack: 0x0000005910a00000,0x0000005910b00000] [id=9884]
  0x0000016436bd45f0 WorkerThread "GC Thread#7" [stack: 0x0000005910b00000,0x0000005910c00000] [id=13080]
  0x00000164117058b0 ConcurrentGCThread "G1 Main Marker" [stack: 0x000000590db00000,0x000000590dc00000] [id=12252]
  0x00000164117061b0 WorkerThread "G1 Conc#0" [stack: 0x000000590dc00000,0x000000590dd00000] [id=29284]
  0x0000016436be4820 WorkerThread "G1 Conc#1" [stack: 0x0000005910c00000,0x0000005910d00000] [id=18664]
  0x0000016411750f70 ConcurrentGCThread "G1 Refine#0" [stack: 0x000000590dd00000,0x000000590de00000] [id=8028]
  0x0000016411751790 ConcurrentGCThread "G1 Service" [stack: 0x000000590de00000,0x000000590df00000] [id=12056]

Threads with active compile tasks:

VM state: not at safepoint (normal execution)

VM Mutex/Monitor currently owned by a thread: None

Heap address: 0x0000000741000000, size: 3056 MB, Compressed Oops mode: Zero based, Oop shift amount: 3

CDS archive(s) mapped at: [0x0000000800000000-0x0000000800ba0000-0x0000000800ba0000), size 12189696, SharedBaseAddress: 0x0000000800000000, ArchiveRelocationMode: 0.
Compressed class space mapped at: 0x0000000800c00000-0x0000000840c00000, reserved size: 1073741824
Narrow klass base: 0x0000000800000000, Narrow klass shift: 0, Narrow klass range: 0x100000000

GC Precious Log:
 CardTable entry size: 512
 Card Set container configuration: InlinePtr #cards 4 size 8 Array Of Cards #cards 16 size 48 Howl #buckets 8 coarsen threshold 3686 Howl Bitmap #cards 512 size 80 coarsen threshold 460 Card regions per heap region 1 cards per card region 4096
 CPUs: 8 total, 8 available
 Memory: 12218M
 Large Page Support: Disabled
 NUMA Support: Disabled
 Compressed Oops: Enabled (Zero based)
 Heap Region Size: 2M
 Heap Min Capacity: 8M
 Heap Initial Capacity: 192M
 Heap Max Capacity: 3056M
 Pre-touch: Disabled
 Parallel Workers: 8
 Concurrent Workers: 2
 Concurrent Refinement Workers: 8
 Periodic GC: Disabled

Heap:
 garbage-first heap   total 737280K, used 370326K [0x0000000741000000, 0x0000000800000000)
  region size 2048K, 69 young (141312K), 4 survivors (8192K)
 Metaspace       used 8044K, committed 8256K, reserved 1114112K
  class space    used 777K, committed 896K, reserved 1048576K

Heap Regions: E=young(eden), S=young(survivor), O=old, HS=humongous(starts), HC=humongous(continues), CS=collection set, F=free, OA=open archive, CA=closed archive, TAMS=top-at-mark-start (previous, next)
|   0|0x0000000741000000, 0x0000000741200000, 0x0000000741200000|100%|HS|  |TAMS 0x0000000741200000, 0x0000000741200000| Complete 
|   1|0x0000000741200000, 0x0000000741400000, 0x0000000741400000|100%|HC|  |TAMS 0x0000000741400000, 0x0000000741400000| Complete 
|   2|0x0000000741400000, 0x0000000741600000, 0x0000000741600000|100%|HC|  |TAMS 0x0000000741600000, 0x0000000741600000| Complete 
|   3|0x0000000741600000, 0x0000000741800000, 0x0000000741800000|100%|HC|  |TAMS 0x0000000741800000, 0x0000000741800000| Complete 
|   4|0x0000000741800000, 0x0000000741a00000, 0x0000000741a00000|100%|HS|  |TAMS 0x0000000741a00000, 0x0000000741a00000| Complete 
|   5|0x0000000741a00000, 0x0000000741c00000, 0x0000000741c00000|100%|HC|  |TAMS 0x0000000741c00000, 0x0000000741c00000| Complete 
|   6|0x0000000741c00000, 0x0000000741e00000, 0x0000000741e00000|100%|HC|  |TAMS 0x0000000741e00000, 0x0000000741e00000| Complete 
|   7|0x0000000741e00000, 0x0000000742000000, 0x0000000742000000|100%|HC|  |TAMS 0x0000000742000000, 0x0000000742000000| Complete 
|   8|0x0000000742000000, 0x0000000742200000, 0x0000000742200000|100%|HS|  |TAMS 0x0000000742200000, 0x0000000742200000| Complete 
|   9|0x0000000742200000, 0x0000000742400000, 0x0000000742400000|100%|HC|  |TAMS 0x0000000742400000, 0x0000000742400000| Complete 
|  10|0x0000000742400000, 0x0000000742600000, 0x0000000742600000|100%|HC|  |TAMS 0x0000000742600000, 0x0000000742600000| Complete 
|  11|0x0000000742600000, 0x0000000742800000, 0x0000000742800000|100%|HC|  |TAMS 0x0000000742800000, 0x0000000742800000| Complete 
|  12|0x0000000742800000, 0x0000000742a00000, 0x0000000742a00000|100%|HS|  |TAMS 0x0000000742a00000, 0x0000000742a00000| Complete 
|  13|0x0000000742a00000, 0x0000000742c00000, 0x0000000742c00000|100%|HC|  |TAMS 0x0000000742c00000, 0x0000000742c00000| Complete 
|  14|0x0000000742c00000, 0x0000000742e00000, 0x0000000742e00000|100%|HC|  |TAMS 0x0000000742e00000, 0x0000000742e00000| Complete 
|  15|0x0000000742e00000, 0x0000000743000000, 0x0000000743000000|100%|HC|  |TAMS 0x0000000743000000, 0x0000000743000000| Complete 
|  16|0x0000000743000000, 0x0000000743200000, 0x0000000743200000|100%|HS|  |TAMS 0x0000000743200000, 0x0000000743200000| Complete 
|  17|0x0000000743200000, 0x0000000743400000, 0x0000000743400000|100%|HC|  |TAMS 0x0000000743400000, 0x0000000743400000| Complete 
|  18|0x0000000743400000, 0x0000000743600000, 0x0000000743600000|100%|HC|  |TAMS 0x0000000743600000, 0x0000000743600000| Complete 
|  19|0x0000000743600000, 0x0000000743800000, 0x0000000743800000|100%|HC|  |TAMS 0x0000000743800000, 0x0000000743800000| Complete 
|  20|0x0000000743800000, 0x0000000743a00000, 0x0000000743a00000|100%|HS|  |TAMS 0x0000000743a00000, 0x0000000743a00000| Complete 
|  21|0x0000000743a00000, 0x0000000743c00000, 0x0000000743c00000|100%|HC|  |TAMS 0x0000000743c00000, 0x0000000743c00000| Complete 
|  22|0x0000000743c00000, 0x0000000743e00000, 0x0000000743e00000|100%|HC|  |TAMS 0x0000000743e00000, 0x0000000743e00000| Complete 
|  23|0x0000000743e00000, 0x0000000744000000, 0x0000000744000000|100%|HC|  |TAMS 0x0000000744000000, 0x0000000744000000| Complete 
|  24|0x0000000744000000, 0x0000000744200000, 0x0000000744200000|100%|HS|  |TAMS 0x0000000744200000, 0x0000000744200000| Complete 
|  25|0x0000000744200000, 0x0000000744400000, 0x0000000744400000|100%|HC|  |TAMS 0x0000000744400000, 0x0000000744400000| Complete 
|  26|0x0000000744400000, 0x0000000744600000, 0x0000000744600000|100%|HC|  |TAMS 0x0000000744600000, 0x0000000744600000| Complete 
|  27|0x0000000744600000, 0x0000000744800000, 0x0000000744800000|100%|HC|  |TAMS 0x0000000744800000, 0x0000000744800000| Complete 
|  28|0x0000000744800000, 0x0000000744a00000, 0x0000000744a00000|100%|HS|  |TAMS 0x0000000744a00000, 0x0000000744a00000| Complete 
|  29|0x0000000744a00000, 0x0000000744c00000, 0x0000000744c00000|100%|HC|  |TAMS 0x0000000744c00000, 0x0000000744c00000| Complete 
|  30|0x0000000744c00000, 0x0000000744e00000, 0x0000000744e00000|100%|HC|  |TAMS 0x0000000744e00000, 0x0000000744e00000| Complete 
|  31|0x0000000744e00000, 0x0000000745000000, 0x0000000745000000|100%|HC|  |TAMS 0x0000000745000000, 0x0000000745000000| Complete 
|  32|0x0000000745000000, 0x0000000745200000, 0x0000000745200000|100%|HS|  |TAMS 0x0000000745200000, 0x0000000745200000| Complete 
|  33|0x0000000745200000, 0x0000000745400000, 0x0000000745400000|100%|HC|  |TAMS 0x0000000745400000, 0x0000000745400000| Complete 
|  34|0x0000000745400000, 0x0000000745600000, 0x0000000745600000|100%|HC|  |TAMS 0x0000000745600000, 0x0000000745600000| Complete 
|  35|0x0000000745600000, 0x0000000745800000, 0x0000000745800000|100%|HC|  |TAMS 0x0000000745800000, 0x0000000745800000| Complete 
|  36|0x0000000745800000, 0x0000000745a00000, 0x0000000745a00000|100%|HS|  |TAMS 0x0000000745a00000, 0x0000000745a00000| Complete 
|  37|0x0000000745a00000, 0x0000000745c00000, 0x0000000745c00000|100%|HC|  |TAMS 0x0000000745c00000, 0x0000000745c00000| Complete 
|  38|0x0000000745c00000, 0x0000000745e00000, 0x0000000745e00000|100%|HC|  |TAMS 0x0000000745e00000, 0x0000000745e00000| Complete 
|  39|0x0000000745e00000, 0x0000000746000000, 0x0000000746000000|100%|HC|  |TAMS 0x0000000746000000, 0x0000000746000000| Complete 
|  40|0x0000000746000000, 0x0000000746200000, 0x0000000746200000|100%|HS|  |TAMS 0x0000000746200000, 0x0000000746200000| Complete 
|  41|0x0000000746200000, 0x0000000746400000, 0x0000000746400000|100%|HC|  |TAMS 0x0000000746400000, 0x0000000746400000| Complete 
|  42|0x0000000746400000, 0x0000000746600000, 0x0000000746600000|100%|HC|  |TAMS 0x0000000746600000, 0x0000000746600000| Complete 
|  43|0x0000000746600000, 0x0000000746800000, 0x0000000746800000|100%|HC|  |TAMS 0x0000000746800000, 0x0000000746800000| Complete 
|  44|0x0000000746800000, 0x0000000746a00000, 0x0000000746a00000|100%|HS|  |TAMS 0x0000000746a00000, 0x0000000746a00000| Complete 
|  45|0x0000000746a00000, 0x0000000746c00000, 0x0000000746c00000|100%|HC|  |TAMS 0x0000000746c00000, 0x0000000746c00000| Complete 
|  46|0x0000000746c00000, 0x0000000746e00000, 0x0000000746e00000|100%|HC|  |TAMS 0x0000000746e00000, 0x0000000746e00000| Complete 
|  47|0x0000000746e00000, 0x0000000747000000, 0x0000000747000000|100%|HC|  |TAMS 0x0000000747000000, 0x0000000747000000| Complete 
|  48|0x0000000747000000, 0x0000000747200000, 0x0000000747200000|100%|HS|  |TAMS 0x0000000747200000, 0x0000000747200000| Complete 
|  49|0x0000000747200000, 0x0000000747400000, 0x0000000747400000|100%|HC|  |TAMS 0x0000000747400000, 0x0000000747400000| Complete 
|  50|0x0000000747400000, 0x0000000747600000, 0x0000000747600000|100%|HC|  |TAMS 0x0000000747600000, 0x0000000747600000| Complete 
|  51|0x0000000747600000, 0x0000000747800000, 0x0000000747800000|100%|HC|  |TAMS 0x0000000747800000, 0x0000000747800000| Complete 
|  52|0x0000000747800000, 0x0000000747a00000, 0x0000000747a00000|100%|HS|  |TAMS 0x0000000747a00000, 0x0000000747a00000| Complete 
|  53|0x0000000747a00000, 0x0000000747c00000, 0x0000000747c00000|100%|HC|  |TAMS 0x0000000747c00000, 0x0000000747c00000| Complete 
|  54|0x0000000747c00000, 0x0000000747e00000, 0x0000000747e00000|100%|HC|  |TAMS 0x0000000747e00000, 0x0000000747e00000| Complete 
|  55|0x0000000747e00000, 0x0000000748000000, 0x0000000748000000|100%|HC|  |TAMS 0x0000000748000000, 0x0000000748000000| Complete 
|  56|0x0000000748000000, 0x0000000748200000, 0x0000000748200000|100%|HS|  |TAMS 0x0000000748200000, 0x0000000748200000| Complete 
|  57|0x0000000748200000, 0x0000000748400000, 0x0000000748400000|100%|HC|  |TAMS 0x0000000748400000, 0x0000000748400000| Complete 
|  58|0x0000000748400000, 0x0000000748600000, 0x0000000748600000|100%|HC|  |TAMS 0x0000000748600000, 0x0000000748600000| Complete 
|  59|0x0000000748600000, 0x0000000748800000, 0x0000000748800000|100%|HC|  |TAMS 0x0000000748800000, 0x0000000748800000| Complete 
|  60|0x0000000748800000, 0x0000000748a00000, 0x0000000748a00000|100%|HS|  |TAMS 0x0000000748a00000, 0x0000000748a00000| Complete 
|  61|0x0000000748a00000, 0x0000000748c00000, 0x0000000748c00000|100%|HC|  |TAMS 0x0000000748c00000, 0x0000000748c00000| Complete 
|  62|0x0000000748c00000, 0x0000000748e00000, 0x0000000748e00000|100%|HC|  |TAMS 0x0000000748e00000, 0x0000000748e00000| Complete 
|  63|0x0000000748e00000, 0x0000000749000000, 0x0000000749000000|100%|HC|  |TAMS 0x0000000749000000, 0x0000000749000000| Complete 
|  64|0x0000000749000000, 0x0000000749200000, 0x0000000749200000|100%|HS|  |TAMS 0x0000000749200000, 0x0000000749200000| Complete 
|  65|0x0000000749200000, 0x0000000749400000, 0x0000000749400000|100%|HC|  |TAMS 0x0000000749400000, 0x0000000749400000| Complete 
|  66|0x0000000749400000, 0x0000000749600000, 0x0000000749600000|100%|HC|  |TAMS 0x0000000749600000, 0x0000000749600000| Complete 
|  67|0x0000000749600000, 0x0000000749800000, 0x0000000749800000|100%|HC|  |TAMS 0x0000000749800000, 0x0000000749800000| Complete 
|  68|0x0000000749800000, 0x0000000749a00000, 0x0000000749a00000|100%|HS|  |TAMS 0x0000000749a00000, 0x0000000749a00000| Complete 
|  69|0x0000000749a00000, 0x0000000749c00000, 0x0000000749c00000|100%|HC|  |TAMS 0x0000000749c00000, 0x0000000749c00000| Complete 
|  70|0x0000000749c00000, 0x0000000749e00000, 0x0000000749e00000|100%|HC|  |TAMS 0x0000000749e00000, 0x0000000749e00000| Complete 
|  71|0x0000000749e00000, 0x000000074a000000, 0x000000074a000000|100%|HC|  |TAMS 0x000000074a000000, 0x000000074a000000| Complete 
|  72|0x000000074a000000, 0x000000074a200000, 0x000000074a200000|100%|HS|  |TAMS 0x000000074a200000, 0x000000074a200000| Complete 
|  73|0x000000074a200000, 0x000000074a400000, 0x000000074a400000|100%|HC|  |TAMS 0x000000074a400000, 0x000000074a400000| Complete 
|  74|0x000000074a400000, 0x000000074a600000, 0x000000074a600000|100%|HC|  |TAMS 0x000000074a600000, 0x000000074a600000| Complete 
|  75|0x000000074a600000, 0x000000074a800000, 0x000000074a800000|100%|HC|  |TAMS 0x000000074a800000, 0x000000074a800000| Complete 
|  76|0x000000074a800000, 0x000000074aa00000, 0x000000074aa00000|100%|HS|  |TAMS 0x000000074aa00000, 0x000000074aa00000| Complete 
|  77|0x000000074aa00000, 0x000000074ac00000, 0x000000074ac00000|100%|HC|  |TAMS 0x000000074ac00000, 0x000000074ac00000| Complete 
|  78|0x000000074ac00000, 0x000000074ae00000, 0x000000074ae00000|100%|HC|  |TAMS 0x000000074ae00000, 0x000000074ae00000| Complete 
|  79|0x000000074ae00000, 0x000000074b000000, 0x000000074b000000|100%|HC|  |TAMS 0x000000074b000000, 0x000000074b000000| Complete 
|  80|0x000000074b000000, 0x000000074b200000, 0x000000074b200000|100%|HS|  |TAMS 0x000000074b200000, 0x000000074b200000| Complete 
|  81|0x000000074b200000, 0x000000074b400000, 0x000000074b400000|100%|HC|  |TAMS 0x000000074b400000, 0x000000074b400000| Complete 
|  82|0x000000074b400000, 0x000000074b600000, 0x000000074b600000|100%|HC|  |TAMS 0x000000074b600000, 0x000000074b600000| Complete 
|  83|0x000000074b600000, 0x000000074b800000, 0x000000074b800000|100%|HC|  |TAMS 0x000000074b800000, 0x000000074b800000| Complete 
|  84|0x000000074b800000, 0x000000074ba00000, 0x000000074ba00000|100%|HS|  |TAMS 0x000000074ba00000, 0x000000074ba00000| Complete 
|  85|0x000000074ba00000, 0x000000074bc00000, 0x000000074bc00000|100%|HC|  |TAMS 0x000000074bc00000, 0x000000074bc00000| Complete 
|  86|0x000000074bc00000, 0x000000074be00000, 0x000000074be00000|100%|HC|  |TAMS 0x000000074be00000, 0x000000074be00000| Complete 
|  87|0x000000074be00000, 0x000000074c000000, 0x000000074c000000|100%|HC|  |TAMS 0x000000074c000000, 0x000000074c000000| Complete 
|  88|0x000000074c000000, 0x000000074c200000, 0x000000074c200000|100%|HS|  |TAMS 0x000000074c200000, 0x000000074c200000| Complete 
|  89|0x000000074c200000, 0x000000074c400000, 0x000000074c400000|100%|HC|  |TAMS 0x000000074c400000, 0x000000074c400000| Complete 
|  90|0x000000074c400000, 0x000000074c600000, 0x000000074c600000|100%|HC|  |TAMS 0x000000074c600000, 0x000000074c600000| Complete 
|  91|0x000000074c600000, 0x000000074c800000, 0x000000074c800000|100%|HC|  |TAMS 0x000000074c800000, 0x000000074c800000| Complete 
|  92|0x000000074c800000, 0x000000074ca00000, 0x000000074ca00000|100%|HS|  |TAMS 0x000000074ca00000, 0x000000074ca00000| Complete 
|  93|0x000000074ca00000, 0x000000074cc00000, 0x000000074cc00000|100%|HC|  |TAMS 0x000000074cc00000, 0x000000074cc00000| Complete 
|  94|0x000000074cc00000, 0x000000074ce00000, 0x000000074ce00000|100%|HC|  |TAMS 0x000000074ce00000, 0x000000074ce00000| Complete 
|  95|0x000000074ce00000, 0x000000074d000000, 0x000000074d000000|100%|HC|  |TAMS 0x000000074d000000, 0x000000074d000000| Complete 
|  96|0x000000074d000000, 0x000000074d200000, 0x000000074d200000|100%| O|  |TAMS 0x000000074d200000, 0x000000074d200000| Untracked 
|  97|0x000000074d200000, 0x000000074d2c8800, 0x000000074d400000| 39%| O|  |TAMS 0x000000074d288a00, 0x000000074d2c3800| Untracked 
|  98|0x000000074d400000, 0x000000074d600000, 0x000000074d600000|100%|HS|  |TAMS 0x000000074d600000, 0x000000074d600000| Complete 
|  99|0x000000074d600000, 0x000000074d800000, 0x000000074d800000|100%|HC|  |TAMS 0x000000074d800000, 0x000000074d800000| Complete 
| 100|0x000000074d800000, 0x000000074da00000, 0x000000074da00000|100%|HC|  |TAMS 0x000000074da00000, 0x000000074da00000| Complete 
| 101|0x000000074da00000, 0x000000074dc00000, 0x000000074dc00000|100%|HC|  |TAMS 0x000000074dc00000, 0x000000074dc00000| Complete 
| 102|0x000000074dc00000, 0x000000074de00000, 0x000000074de00000|100%|HS|  |TAMS 0x000000074dc00000, 0x000000074de00000| Complete 
| 103|0x000000074de00000, 0x000000074e000000, 0x000000074e000000|100%|HC|  |TAMS 0x000000074de00000, 0x000000074e000000| Complete 
| 104|0x000000074e000000, 0x000000074e200000, 0x000000074e200000|100%|HC|  |TAMS 0x000000074e000000, 0x000000074e200000| Complete 
| 105|0x000000074e200000, 0x000000074e400000, 0x000000074e400000|100%|HC|  |TAMS 0x000000074e200000, 0x000000074e400000| Complete 
| 106|0x000000074e400000, 0x000000074e600000, 0x000000074e600000|100%|HS|  |TAMS 0x000000074e400000, 0x000000074e400000| Complete 
| 107|0x000000074e600000, 0x000000074e800000, 0x000000074e800000|100%|HC|  |TAMS 0x000000074e600000, 0x000000074e600000| Complete 
| 108|0x000000074e800000, 0x000000074ea00000, 0x000000074ea00000|100%|HC|  |TAMS 0x000000074e800000, 0x000000074e800000| Complete 
| 109|0x000000074ea00000, 0x000000074ec00000, 0x000000074ec00000|100%|HC|  |TAMS 0x000000074ea00000, 0x000000074ea00000| Complete 
| 110|0x000000074ec00000, 0x000000074ee00000, 0x000000074ee00000|100%|HS|  |TAMS 0x000000074ec00000, 0x000000074ec00000| Complete 
| 111|0x000000074ee00000, 0x000000074f000000, 0x000000074f000000|100%|HC|  |TAMS 0x000000074ee00000, 0x000000074ee00000| Complete 
| 112|0x000000074f000000, 0x000000074f200000, 0x000000074f200000|100%|HC|  |TAMS 0x000000074f000000, 0x000000074f000000| Complete 
| 113|0x000000074f200000, 0x000000074f400000, 0x000000074f400000|100%|HC|  |TAMS 0x000000074f200000, 0x000000074f200000| Complete 
| 114|0x000000074f400000, 0x000000074f400000, 0x000000074f600000|  0%| F|  |TAMS 0x000000074f400000, 0x000000074f400000| Untracked 
| 115|0x000000074f600000, 0x000000074f600000, 0x000000074f800000|  0%| F|  |TAMS 0x000000074f600000, 0x000000074f600000| Untracked 
| 116|0x000000074f800000, 0x000000074f800000, 0x000000074fa00000|  0%| F|  |TAMS 0x000000074f800000, 0x000000074f800000| Untracked 
| 117|0x000000074fa00000, 0x000000074fa00000, 0x000000074fc00000|  0%| F|  |TAMS 0x000000074fa00000, 0x000000074fa00000| Untracked 
| 118|0x000000074fc00000, 0x000000074fc00000, 0x000000074fe00000|  0%| F|  |TAMS 0x000000074fc00000, 0x000000074fc00000| Untracked 
| 119|0x000000074fe00000, 0x000000074fe00000, 0x0000000750000000|  0%| F|  |TAMS 0x000000074fe00000, 0x000000074fe00000| Untracked 
| 120|0x0000000750000000, 0x0000000750000000, 0x0000000750200000|  0%| F|  |TAMS 0x0000000750000000, 0x0000000750000000| Untracked 
| 121|0x0000000750200000, 0x0000000750200000, 0x0000000750400000|  0%| F|  |TAMS 0x0000000750200000, 0x0000000750200000| Untracked 
| 122|0x0000000750400000, 0x0000000750400000, 0x0000000750600000|  0%| F|  |TAMS 0x0000000750400000, 0x0000000750400000| Untracked 
| 123|0x0000000750600000, 0x0000000750600000, 0x0000000750800000|  0%| F|  |TAMS 0x0000000750600000, 0x0000000750600000| Untracked 
| 124|0x0000000750800000, 0x0000000750800000, 0x0000000750a00000|  0%| F|  |TAMS 0x0000000750800000, 0x0000000750800000| Untracked 
| 125|0x0000000750a00000, 0x0000000750a00000, 0x0000000750c00000|  0%| F|  |TAMS 0x0000000750a00000, 0x0000000750a00000| Untracked 
| 126|0x0000000750c00000, 0x0000000750c00000, 0x0000000750e00000|  0%| F|  |TAMS 0x0000000750c00000, 0x0000000750c00000| Untracked 
| 127|0x0000000750e00000, 0x0000000750e00000, 0x0000000751000000|  0%| F|  |TAMS 0x0000000750e00000, 0x0000000750e00000| Untracked 
| 128|0x0000000751000000, 0x0000000751000000, 0x0000000751200000|  0%| F|  |TAMS 0x0000000751000000, 0x0000000751000000| Untracked 
| 129|0x0000000751200000, 0x0000000751200000, 0x0000000751400000|  0%| F|  |TAMS 0x0000000751200000, 0x0000000751200000| Untracked 
| 130|0x0000000751400000, 0x0000000751400000, 0x0000000751600000|  0%| F|  |TAMS 0x0000000751400000, 0x0000000751400000| Untracked 
| 131|0x0000000751600000, 0x0000000751600000, 0x0000000751800000|  0%| F|  |TAMS 0x0000000751600000, 0x0000000751600000| Untracked 
| 132|0x0000000751800000, 0x0000000751800000, 0x0000000751a00000|  0%| F|  |TAMS 0x0000000751800000, 0x0000000751800000| Untracked 
| 133|0x0000000751a00000, 0x0000000751a00000, 0x0000000751c00000|  0%| F|  |TAMS 0x0000000751a00000, 0x0000000751a00000| Untracked 
| 134|0x0000000751c00000, 0x0000000751c00000, 0x0000000751e00000|  0%| F|  |TAMS 0x0000000751c00000, 0x0000000751c00000| Untracked 
| 135|0x0000000751e00000, 0x0000000751e00000, 0x0000000752000000|  0%| F|  |TAMS 0x0000000751e00000, 0x0000000751e00000| Untracked 
| 136|0x0000000752000000, 0x0000000752000000, 0x0000000752200000|  0%| F|  |TAMS 0x0000000752000000, 0x0000000752000000| Untracked 
| 137|0x0000000752200000, 0x0000000752200000, 0x0000000752400000|  0%| F|  |TAMS 0x0000000752200000, 0x0000000752200000| Untracked 
| 138|0x0000000752400000, 0x0000000752400000, 0x0000000752600000|  0%| F|  |TAMS 0x0000000752400000, 0x0000000752400000| Untracked 
| 139|0x0000000752600000, 0x0000000752600000, 0x0000000752800000|  0%| F|  |TAMS 0x0000000752600000, 0x0000000752600000| Untracked 
| 140|0x0000000752800000, 0x0000000752800000, 0x0000000752a00000|  0%| F|  |TAMS 0x0000000752800000, 0x0000000752800000| Untracked 
| 141|0x0000000752a00000, 0x0000000752a00000, 0x0000000752c00000|  0%| F|  |TAMS 0x0000000752a00000, 0x0000000752a00000| Untracked 
| 142|0x0000000752c00000, 0x0000000752c00000, 0x0000000752e00000|  0%| F|  |TAMS 0x0000000752c00000, 0x0000000752c00000| Untracked 
| 143|0x0000000752e00000, 0x0000000752e00000, 0x0000000753000000|  0%| F|  |TAMS 0x0000000752e00000, 0x0000000752e00000| Untracked 
| 144|0x0000000753000000, 0x0000000753000000, 0x0000000753200000|  0%| F|  |TAMS 0x0000000753000000, 0x0000000753000000| Untracked 
| 145|0x0000000753200000, 0x0000000753200000, 0x0000000753400000|  0%| F|  |TAMS 0x0000000753200000, 0x0000000753200000| Untracked 
| 146|0x0000000753400000, 0x0000000753400000, 0x0000000753600000|  0%| F|  |TAMS 0x0000000753400000, 0x0000000753400000| Untracked 
| 147|0x0000000753600000, 0x0000000753600000, 0x0000000753800000|  0%| F|  |TAMS 0x0000000753600000, 0x0000000753600000| Untracked 
| 148|0x0000000753800000, 0x0000000753800000, 0x0000000753a00000|  0%| F|  |TAMS 0x0000000753800000, 0x0000000753800000| Untracked 
| 149|0x0000000753a00000, 0x0000000753a00000, 0x0000000753c00000|  0%| F|  |TAMS 0x0000000753a00000, 0x0000000753a00000| Untracked 
| 150|0x0000000753c00000, 0x0000000753c00000, 0x0000000753e00000|  0%| F|  |TAMS 0x0000000753c00000, 0x0000000753c00000| Untracked 
| 151|0x0000000753e00000, 0x0000000753e00000, 0x0000000754000000|  0%| F|  |TAMS 0x0000000753e00000, 0x0000000753e00000| Untracked 
| 152|0x0000000754000000, 0x0000000754000000, 0x0000000754200000|  0%| F|  |TAMS 0x0000000754000000, 0x0000000754000000| Untracked 
| 153|0x0000000754200000, 0x0000000754200000, 0x0000000754400000|  0%| F|  |TAMS 0x0000000754200000, 0x0000000754200000| Untracked 
| 154|0x0000000754400000, 0x0000000754400000, 0x0000000754600000|  0%| F|  |TAMS 0x0000000754400000, 0x0000000754400000| Untracked 
| 155|0x0000000754600000, 0x0000000754600000, 0x0000000754800000|  0%| F|  |TAMS 0x0000000754600000, 0x0000000754600000| Untracked 
| 156|0x0000000754800000, 0x0000000754800000, 0x0000000754a00000|  0%| F|  |TAMS 0x0000000754800000, 0x0000000754800000| Untracked 
| 157|0x0000000754a00000, 0x0000000754a00000, 0x0000000754c00000|  0%| F|  |TAMS 0x0000000754a00000, 0x0000000754a00000| Untracked 
| 158|0x0000000754c00000, 0x0000000754c00000, 0x0000000754e00000|  0%| F|  |TAMS 0x0000000754c00000, 0x0000000754c00000| Untracked 
| 159|0x0000000754e00000, 0x0000000754e00000, 0x0000000755000000|  0%| F|  |TAMS 0x0000000754e00000, 0x0000000754e00000| Untracked 
| 160|0x0000000755000000, 0x0000000755000000, 0x0000000755200000|  0%| F|  |TAMS 0x0000000755000000, 0x0000000755000000| Untracked 
| 161|0x0000000755200000, 0x0000000755200000, 0x0000000755400000|  0%| F|  |TAMS 0x0000000755200000, 0x0000000755200000| Untracked 
| 162|0x0000000755400000, 0x0000000755400000, 0x0000000755600000|  0%| F|  |TAMS 0x0000000755400000, 0x0000000755400000| Untracked 
| 163|0x0000000755600000, 0x0000000755600000, 0x0000000755800000|  0%| F|  |TAMS 0x0000000755600000, 0x0000000755600000| Untracked 
| 164|0x0000000755800000, 0x0000000755800000, 0x0000000755a00000|  0%| F|  |TAMS 0x0000000755800000, 0x0000000755800000| Untracked 
| 165|0x0000000755a00000, 0x0000000755a00000, 0x0000000755c00000|  0%| F|  |TAMS 0x0000000755a00000, 0x0000000755a00000| Untracked 
| 166|0x0000000755c00000, 0x0000000755c00000, 0x0000000755e00000|  0%| F|  |TAMS 0x0000000755c00000, 0x0000000755c00000| Untracked 
| 167|0x0000000755e00000, 0x0000000755e00000, 0x0000000756000000|  0%| F|  |TAMS 0x0000000755e00000, 0x0000000755e00000| Untracked 
| 168|0x0000000756000000, 0x0000000756000000, 0x0000000756200000|  0%| F|  |TAMS 0x0000000756000000, 0x0000000756000000| Untracked 
| 169|0x0000000756200000, 0x0000000756200000, 0x0000000756400000|  0%| F|  |TAMS 0x0000000756200000, 0x0000000756200000| Untracked 
| 170|0x0000000756400000, 0x0000000756400000, 0x0000000756600000|  0%| F|  |TAMS 0x0000000756400000, 0x0000000756400000| Untracked 
| 171|0x0000000756600000, 0x0000000756600000, 0x0000000756800000|  0%| F|  |TAMS 0x0000000756600000, 0x0000000756600000| Untracked 
| 172|0x0000000756800000, 0x0000000756800000, 0x0000000756a00000|  0%| F|  |TAMS 0x0000000756800000, 0x0000000756800000| Untracked 
| 173|0x0000000756a00000, 0x0000000756a00000, 0x0000000756c00000|  0%| F|  |TAMS 0x0000000756a00000, 0x0000000756a00000| Untracked 
| 174|0x0000000756c00000, 0x0000000756cdd010, 0x0000000756e00000| 43%| S|CS|TAMS 0x0000000756c00000, 0x0000000756c00000| Complete 
| 175|0x0000000756e00000, 0x0000000757000000, 0x0000000757000000|100%| S|CS|TAMS 0x0000000756e00000, 0x0000000756e00000| Complete 
| 176|0x0000000757000000, 0x0000000757200000, 0x0000000757200000|100%| S|CS|TAMS 0x0000000757000000, 0x0000000757000000| Complete 
| 177|0x0000000757200000, 0x0000000757400000, 0x0000000757400000|100%| S|CS|TAMS 0x0000000757200000, 0x0000000757200000| Complete 
| 178|0x0000000757400000, 0x0000000757400000, 0x0000000757600000|  0%| F|  |TAMS 0x0000000757400000, 0x0000000757400000| Untracked 
| 179|0x0000000757600000, 0x0000000757600000, 0x0000000757800000|  0%| F|  |TAMS 0x0000000757600000, 0x0000000757600000| Untracked 
| 180|0x0000000757800000, 0x0000000757800000, 0x0000000757a00000|  0%| F|  |TAMS 0x0000000757800000, 0x0000000757800000| Untracked 
| 181|0x0000000757a00000, 0x0000000757a00000, 0x0000000757c00000|  0%| F|  |TAMS 0x0000000757a00000, 0x0000000757a00000| Untracked 
| 182|0x0000000757c00000, 0x0000000757c00000, 0x0000000757e00000|  0%| F|  |TAMS 0x0000000757c00000, 0x0000000757c00000| Untracked 
| 183|0x0000000757e00000, 0x0000000757e00000, 0x0000000758000000|  0%| F|  |TAMS 0x0000000757e00000, 0x0000000757e00000| Untracked 
| 184|0x0000000758000000, 0x0000000758000000, 0x0000000758200000|  0%| F|  |TAMS 0x0000000758000000, 0x0000000758000000| Untracked 
| 185|0x0000000758200000, 0x0000000758200000, 0x0000000758400000|  0%| F|  |TAMS 0x0000000758200000, 0x0000000758200000| Untracked 
| 186|0x0000000758400000, 0x0000000758400000, 0x0000000758600000|  0%| F|  |TAMS 0x0000000758400000, 0x0000000758400000| Untracked 
| 187|0x0000000758600000, 0x0000000758600000, 0x0000000758800000|  0%| F|  |TAMS 0x0000000758600000, 0x0000000758600000| Untracked 
| 188|0x0000000758800000, 0x0000000758800000, 0x0000000758a00000|  0%| F|  |TAMS 0x0000000758800000, 0x0000000758800000| Untracked 
| 189|0x0000000758a00000, 0x0000000758a00000, 0x0000000758c00000|  0%| F|  |TAMS 0x0000000758a00000, 0x0000000758a00000| Untracked 
| 190|0x0000000758c00000, 0x0000000758c00000, 0x0000000758e00000|  0%| F|  |TAMS 0x0000000758c00000, 0x0000000758c00000| Untracked 
| 191|0x0000000758e00000, 0x0000000758e00000, 0x0000000759000000|  0%| F|  |TAMS 0x0000000758e00000, 0x0000000758e00000| Untracked 
| 192|0x0000000759000000, 0x0000000759000000, 0x0000000759200000|  0%| F|  |TAMS 0x0000000759000000, 0x0000000759000000| Untracked 
| 193|0x0000000759200000, 0x0000000759200000, 0x0000000759400000|  0%| F|  |TAMS 0x0000000759200000, 0x0000000759200000| Untracked 
| 194|0x0000000759400000, 0x0000000759400000, 0x0000000759600000|  0%| F|  |TAMS 0x0000000759400000, 0x0000000759400000| Untracked 
| 195|0x0000000759600000, 0x0000000759600000, 0x0000000759800000|  0%| F|  |TAMS 0x0000000759600000, 0x0000000759600000| Untracked 
| 196|0x0000000759800000, 0x0000000759800000, 0x0000000759a00000|  0%| F|  |TAMS 0x0000000759800000, 0x0000000759800000| Untracked 
| 197|0x0000000759a00000, 0x0000000759a00000, 0x0000000759c00000|  0%| F|  |TAMS 0x0000000759a00000, 0x0000000759a00000| Untracked 
| 198|0x0000000759c00000, 0x0000000759c00000, 0x0000000759e00000|  0%| F|  |TAMS 0x0000000759c00000, 0x0000000759c00000| Untracked 
| 199|0x0000000759e00000, 0x0000000759e00000, 0x000000075a000000|  0%| F|  |TAMS 0x0000000759e00000, 0x0000000759e00000| Untracked 
| 200|0x000000075a000000, 0x000000075a000000, 0x000000075a200000|  0%| F|  |TAMS 0x000000075a000000, 0x000000075a000000| Untracked 
| 201|0x000000075a200000, 0x000000075a200000, 0x000000075a400000|  0%| F|  |TAMS 0x000000075a200000, 0x000000075a200000| Untracked 
| 202|0x000000075a400000, 0x000000075a400000, 0x000000075a600000|  0%| F|  |TAMS 0x000000075a400000, 0x000000075a400000| Untracked 
| 203|0x000000075a600000, 0x000000075a600000, 0x000000075a800000|  0%| F|  |TAMS 0x000000075a600000, 0x000000075a600000| Untracked 
| 204|0x000000075a800000, 0x000000075a800000, 0x000000075aa00000|  0%| F|  |TAMS 0x000000075a800000, 0x000000075a800000| Untracked 
| 205|0x000000075aa00000, 0x000000075aa00000, 0x000000075ac00000|  0%| F|  |TAMS 0x000000075aa00000, 0x000000075aa00000| Untracked 
| 206|0x000000075ac00000, 0x000000075ac00000, 0x000000075ae00000|  0%| F|  |TAMS 0x000000075ac00000, 0x000000075ac00000| Untracked 
| 207|0x000000075ae00000, 0x000000075ae00000, 0x000000075b000000|  0%| F|  |TAMS 0x000000075ae00000, 0x000000075ae00000| Untracked 
| 208|0x000000075b000000, 0x000000075b000000, 0x000000075b200000|  0%| F|  |TAMS 0x000000075b000000, 0x000000075b000000| Untracked 
| 209|0x000000075b200000, 0x000000075b200000, 0x000000075b400000|  0%| F|  |TAMS 0x000000075b200000, 0x000000075b200000| Untracked 
| 210|0x000000075b400000, 0x000000075b400000, 0x000000075b600000|  0%| F|  |TAMS 0x000000075b400000, 0x000000075b400000| Untracked 
| 211|0x000000075b600000, 0x000000075b600000, 0x000000075b800000|  0%| F|  |TAMS 0x000000075b600000, 0x000000075b600000| Untracked 
| 212|0x000000075b800000, 0x000000075b800000, 0x000000075ba00000|  0%| F|  |TAMS 0x000000075b800000, 0x000000075b800000| Untracked 
| 213|0x000000075ba00000, 0x000000075ba00000, 0x000000075bc00000|  0%| F|  |TAMS 0x000000075ba00000, 0x000000075ba00000| Untracked 
| 214|0x000000075bc00000, 0x000000075bc00000, 0x000000075be00000|  0%| F|  |TAMS 0x000000075bc00000, 0x000000075bc00000| Untracked 
| 215|0x000000075be00000, 0x000000075be00000, 0x000000075c000000|  0%| F|  |TAMS 0x000000075be00000, 0x000000075be00000| Untracked 
| 216|0x000000075c000000, 0x000000075c000000, 0x000000075c200000|  0%| F|  |TAMS 0x000000075c000000, 0x000000075c000000| Untracked 
| 217|0x000000075c200000, 0x000000075c200000, 0x000000075c400000|  0%| F|  |TAMS 0x000000075c200000, 0x000000075c200000| Untracked 
| 218|0x000000075c400000, 0x000000075c400000, 0x000000075c600000|  0%| F|  |TAMS 0x000000075c400000, 0x000000075c400000| Untracked 
| 219|0x000000075c600000, 0x000000075c600000, 0x000000075c800000|  0%| F|  |TAMS 0x000000075c600000, 0x000000075c600000| Untracked 
| 220|0x000000075c800000, 0x000000075c800000, 0x000000075ca00000|  0%| F|  |TAMS 0x000000075c800000, 0x000000075c800000| Untracked 
| 221|0x000000075ca00000, 0x000000075ca00000, 0x000000075cc00000|  0%| F|  |TAMS 0x000000075ca00000, 0x000000075ca00000| Untracked 
| 222|0x000000075cc00000, 0x000000075cc00000, 0x000000075ce00000|  0%| F|  |TAMS 0x000000075cc00000, 0x000000075cc00000| Untracked 
| 223|0x000000075ce00000, 0x000000075ce00000, 0x000000075d000000|  0%| F|  |TAMS 0x000000075ce00000, 0x000000075ce00000| Untracked 
| 224|0x000000075d000000, 0x000000075d000000, 0x000000075d200000|  0%| F|  |TAMS 0x000000075d000000, 0x000000075d000000| Untracked 
| 225|0x000000075d200000, 0x000000075d200000, 0x000000075d400000|  0%| F|  |TAMS 0x000000075d200000, 0x000000075d200000| Untracked 
| 226|0x000000075d400000, 0x000000075d400000, 0x000000075d600000|  0%| F|  |TAMS 0x000000075d400000, 0x000000075d400000| Untracked 
| 227|0x000000075d600000, 0x000000075d600000, 0x000000075d800000|  0%| F|  |TAMS 0x000000075d600000, 0x000000075d600000| Untracked 
| 228|0x000000075d800000, 0x000000075d800000, 0x000000075da00000|  0%| F|  |TAMS 0x000000075d800000, 0x000000075d800000| Untracked 
| 229|0x000000075da00000, 0x000000075da00000, 0x000000075dc00000|  0%| F|  |TAMS 0x000000075da00000, 0x000000075da00000| Untracked 
| 230|0x000000075dc00000, 0x000000075dc00000, 0x000000075de00000|  0%| F|  |TAMS 0x000000075dc00000, 0x000000075dc00000| Untracked 
| 231|0x000000075de00000, 0x000000075de00000, 0x000000075e000000|  0%| F|  |TAMS 0x000000075de00000, 0x000000075de00000| Untracked 
| 232|0x000000075e000000, 0x000000075e000000, 0x000000075e200000|  0%| F|  |TAMS 0x000000075e000000, 0x000000075e000000| Untracked 
| 233|0x000000075e200000, 0x000000075e200000, 0x000000075e400000|  0%| F|  |TAMS 0x000000075e200000, 0x000000075e200000| Untracked 
| 234|0x000000075e400000, 0x000000075e400000, 0x000000075e600000|  0%| F|  |TAMS 0x000000075e400000, 0x000000075e400000| Untracked 
| 235|0x000000075e600000, 0x000000075e600000, 0x000000075e800000|  0%| F|  |TAMS 0x000000075e600000, 0x000000075e600000| Untracked 
| 236|0x000000075e800000, 0x000000075e800000, 0x000000075ea00000|  0%| F|  |TAMS 0x000000075e800000, 0x000000075e800000| Untracked 
| 237|0x000000075ea00000, 0x000000075ea00000, 0x000000075ec00000|  0%| F|  |TAMS 0x000000075ea00000, 0x000000075ea00000| Untracked 
| 238|0x000000075ec00000, 0x000000075ec00000, 0x000000075ee00000|  0%| F|  |TAMS 0x000000075ec00000, 0x000000075ec00000| Untracked 
| 239|0x000000075ee00000, 0x000000075ee00000, 0x000000075f000000|  0%| F|  |TAMS 0x000000075ee00000, 0x000000075ee00000| Untracked 
| 240|0x000000075f000000, 0x000000075f000000, 0x000000075f200000|  0%| F|  |TAMS 0x000000075f000000, 0x000000075f000000| Untracked 
| 241|0x000000075f200000, 0x000000075f200000, 0x000000075f400000|  0%| F|  |TAMS 0x000000075f200000, 0x000000075f200000| Untracked 
| 242|0x000000075f400000, 0x000000075f400000, 0x000000075f600000|  0%| F|  |TAMS 0x000000075f400000, 0x000000075f400000| Untracked 
| 243|0x000000075f600000, 0x000000075f600000, 0x000000075f800000|  0%| F|  |TAMS 0x000000075f600000, 0x000000075f600000| Untracked 
| 244|0x000000075f800000, 0x000000075f800000, 0x000000075fa00000|  0%| F|  |TAMS 0x000000075f800000, 0x000000075f800000| Untracked 
| 245|0x000000075fa00000, 0x000000075fa00000, 0x000000075fc00000|  0%| F|  |TAMS 0x000000075fa00000, 0x000000075fa00000| Untracked 
| 246|0x000000075fc00000, 0x000000075fc00000, 0x000000075fe00000|  0%| F|  |TAMS 0x000000075fc00000, 0x000000075fc00000| Untracked 
| 247|0x000000075fe00000, 0x000000075fe00000, 0x0000000760000000|  0%| F|  |TAMS 0x000000075fe00000, 0x000000075fe00000| Untracked 
| 248|0x0000000760000000, 0x0000000760000000, 0x0000000760200000|  0%| F|  |TAMS 0x0000000760000000, 0x0000000760000000| Untracked 
| 249|0x0000000760200000, 0x0000000760200000, 0x0000000760400000|  0%| F|  |TAMS 0x0000000760200000, 0x0000000760200000| Untracked 
| 250|0x0000000760400000, 0x0000000760400000, 0x0000000760600000|  0%| F|  |TAMS 0x0000000760400000, 0x0000000760400000| Untracked 
| 251|0x0000000760600000, 0x0000000760600000, 0x0000000760800000|  0%| F|  |TAMS 0x0000000760600000, 0x0000000760600000| Untracked 
| 252|0x0000000760800000, 0x0000000760800000, 0x0000000760a00000|  0%| F|  |TAMS 0x0000000760800000, 0x0000000760800000| Untracked 
| 253|0x0000000760a00000, 0x0000000760a00000, 0x0000000760c00000|  0%| F|  |TAMS 0x0000000760a00000, 0x0000000760a00000| Untracked 
| 254|0x0000000760c00000, 0x0000000760c00000, 0x0000000760e00000|  0%| F|  |TAMS 0x0000000760c00000, 0x0000000760c00000| Untracked 
| 255|0x0000000760e00000, 0x0000000760e00000, 0x0000000761000000|  0%| F|  |TAMS 0x0000000760e00000, 0x0000000760e00000| Untracked 
| 256|0x0000000761000000, 0x0000000761000000, 0x0000000761200000|  0%| F|  |TAMS 0x0000000761000000, 0x0000000761000000| Untracked 
| 257|0x0000000761200000, 0x0000000761200000, 0x0000000761400000|  0%| F|  |TAMS 0x0000000761200000, 0x0000000761200000| Untracked 
| 258|0x0000000761400000, 0x0000000761400000, 0x0000000761600000|  0%| F|  |TAMS 0x0000000761400000, 0x0000000761400000| Untracked 
| 259|0x0000000761600000, 0x0000000761600000, 0x0000000761800000|  0%| F|  |TAMS 0x0000000761600000, 0x0000000761600000| Untracked 
| 260|0x0000000761800000, 0x0000000761800000, 0x0000000761a00000|  0%| F|  |TAMS 0x0000000761800000, 0x0000000761800000| Untracked 
| 261|0x0000000761a00000, 0x0000000761a00000, 0x0000000761c00000|  0%| F|  |TAMS 0x0000000761a00000, 0x0000000761a00000| Untracked 
| 262|0x0000000761c00000, 0x0000000761c00000, 0x0000000761e00000|  0%| F|  |TAMS 0x0000000761c00000, 0x0000000761c00000| Untracked 
| 263|0x0000000761e00000, 0x0000000761e00000, 0x0000000762000000|  0%| F|  |TAMS 0x0000000761e00000, 0x0000000761e00000| Untracked 
| 264|0x0000000762000000, 0x0000000762000000, 0x0000000762200000|  0%| F|  |TAMS 0x0000000762000000, 0x0000000762000000| Untracked 
| 265|0x0000000762200000, 0x0000000762200000, 0x0000000762400000|  0%| F|  |TAMS 0x0000000762200000, 0x0000000762200000| Untracked 
| 266|0x0000000762400000, 0x0000000762400000, 0x0000000762600000|  0%| F|  |TAMS 0x0000000762400000, 0x0000000762400000| Untracked 
| 267|0x0000000762600000, 0x0000000762600000, 0x0000000762800000|  0%| F|  |TAMS 0x0000000762600000, 0x0000000762600000| Untracked 
| 268|0x0000000762800000, 0x0000000762800000, 0x0000000762a00000|  0%| F|  |TAMS 0x0000000762800000, 0x0000000762800000| Untracked 
| 269|0x0000000762a00000, 0x0000000762a00000, 0x0000000762c00000|  0%| F|  |TAMS 0x0000000762a00000, 0x0000000762a00000| Untracked 
| 270|0x0000000762c00000, 0x0000000762c00000, 0x0000000762e00000|  0%| F|  |TAMS 0x0000000762c00000, 0x0000000762c00000| Untracked 
| 271|0x0000000762e00000, 0x0000000762e00000, 0x0000000763000000|  0%| F|  |TAMS 0x0000000762e00000, 0x0000000762e00000| Untracked 
| 272|0x0000000763000000, 0x0000000763000000, 0x0000000763200000|  0%| F|  |TAMS 0x0000000763000000, 0x0000000763000000| Untracked 
| 273|0x0000000763200000, 0x0000000763200000, 0x0000000763400000|  0%| F|  |TAMS 0x0000000763200000, 0x0000000763200000| Untracked 
| 274|0x0000000763400000, 0x0000000763400000, 0x0000000763600000|  0%| F|  |TAMS 0x0000000763400000, 0x0000000763400000| Untracked 
| 275|0x0000000763600000, 0x0000000763600000, 0x0000000763800000|  0%| F|  |TAMS 0x0000000763600000, 0x0000000763600000| Untracked 
| 276|0x0000000763800000, 0x0000000763800000, 0x0000000763a00000|  0%| F|  |TAMS 0x0000000763800000, 0x0000000763800000| Untracked 
| 277|0x0000000763a00000, 0x0000000763a00000, 0x0000000763c00000|  0%| F|  |TAMS 0x0000000763a00000, 0x0000000763a00000| Untracked 
| 278|0x0000000763c00000, 0x0000000763c00000, 0x0000000763e00000|  0%| F|  |TAMS 0x0000000763c00000, 0x0000000763c00000| Untracked 
| 279|0x0000000763e00000, 0x0000000763e00000, 0x0000000764000000|  0%| F|  |TAMS 0x0000000763e00000, 0x0000000763e00000| Untracked 
| 280|0x0000000764000000, 0x0000000764000000, 0x0000000764200000|  0%| F|  |TAMS 0x0000000764000000, 0x0000000764000000| Untracked 
| 281|0x0000000764200000, 0x0000000764200000, 0x0000000764400000|  0%| F|  |TAMS 0x0000000764200000, 0x0000000764200000| Untracked 
| 282|0x0000000764400000, 0x0000000764400000, 0x0000000764600000|  0%| F|  |TAMS 0x0000000764400000, 0x0000000764400000| Untracked 
| 283|0x0000000764600000, 0x0000000764600000, 0x0000000764800000|  0%| F|  |TAMS 0x0000000764600000, 0x0000000764600000| Untracked 
| 284|0x0000000764800000, 0x0000000764800000, 0x0000000764a00000|  0%| F|  |TAMS 0x0000000764800000, 0x0000000764800000| Untracked 
| 285|0x0000000764a00000, 0x0000000764a00000, 0x0000000764c00000|  0%| F|  |TAMS 0x0000000764a00000, 0x0000000764a00000| Untracked 
| 286|0x0000000764c00000, 0x0000000764c00000, 0x0000000764e00000|  0%| F|  |TAMS 0x0000000764c00000, 0x0000000764c00000| Untracked 
| 287|0x0000000764e00000, 0x0000000764e00000, 0x0000000765000000|  0%| F|  |TAMS 0x0000000764e00000, 0x0000000764e00000| Untracked 
| 288|0x0000000765000000, 0x0000000765000000, 0x0000000765200000|  0%| F|  |TAMS 0x0000000765000000, 0x0000000765000000| Untracked 
| 289|0x0000000765200000, 0x0000000765200000, 0x0000000765400000|  0%| F|  |TAMS 0x0000000765200000, 0x0000000765200000| Untracked 
| 290|0x0000000765400000, 0x0000000765400000, 0x0000000765600000|  0%| F|  |TAMS 0x0000000765400000, 0x0000000765400000| Untracked 
| 291|0x0000000765600000, 0x0000000765600000, 0x0000000765800000|  0%| F|  |TAMS 0x0000000765600000, 0x0000000765600000| Untracked 
| 292|0x0000000765800000, 0x0000000765800000, 0x0000000765a00000|  0%| F|  |TAMS 0x0000000765800000, 0x0000000765800000| Untracked 
| 293|0x0000000765a00000, 0x0000000765a00000, 0x0000000765c00000|  0%| F|  |TAMS 0x0000000765a00000, 0x0000000765a00000| Untracked 
| 294|0x0000000765c00000, 0x0000000765c00000, 0x0000000765e00000|  0%| F|  |TAMS 0x0000000765c00000, 0x0000000765c00000| Untracked 
| 295|0x0000000765e00000, 0x0000000765e00800, 0x0000000766000000|  0%| E|  |TAMS 0x0000000765e00000, 0x0000000765e00000| Complete 
| 296|0x0000000766000000, 0x0000000766200000, 0x0000000766200000|100%| E|CS|TAMS 0x0000000766000000, 0x0000000766000000| Complete 
| 297|0x0000000766200000, 0x0000000766400000, 0x0000000766400000|100%| E|CS|TAMS 0x0000000766200000, 0x0000000766200000| Complete 
| 298|0x0000000766400000, 0x0000000766600000, 0x0000000766600000|100%| E|CS|TAMS 0x0000000766400000, 0x0000000766400000| Complete 
| 299|0x0000000766600000, 0x0000000766800000, 0x0000000766800000|100%| E|CS|TAMS 0x0000000766600000, 0x0000000766600000| Complete 
| 300|0x0000000766800000, 0x0000000766a00000, 0x0000000766a00000|100%| E|CS|TAMS 0x0000000766800000, 0x0000000766800000| Complete 
| 301|0x0000000766a00000, 0x0000000766c00000, 0x0000000766c00000|100%| E|CS|TAMS 0x0000000766a00000, 0x0000000766a00000| Complete 
| 302|0x0000000766c00000, 0x0000000766e00000, 0x0000000766e00000|100%| E|CS|TAMS 0x0000000766c00000, 0x0000000766c00000| Complete 
| 303|0x0000000766e00000, 0x0000000767000000, 0x0000000767000000|100%| E|CS|TAMS 0x0000000766e00000, 0x0000000766e00000| Complete 
| 304|0x0000000767000000, 0x0000000767200000, 0x0000000767200000|100%| E|CS|TAMS 0x0000000767000000, 0x0000000767000000| Complete 
| 305|0x0000000767200000, 0x0000000767400000, 0x0000000767400000|100%| E|CS|TAMS 0x0000000767200000, 0x0000000767200000| Complete 
| 306|0x0000000767400000, 0x0000000767600000, 0x0000000767600000|100%| E|CS|TAMS 0x0000000767400000, 0x0000000767400000| Complete 
| 307|0x0000000767600000, 0x0000000767800000, 0x0000000767800000|100%| E|CS|TAMS 0x0000000767600000, 0x0000000767600000| Complete 
| 308|0x0000000767800000, 0x0000000767a00000, 0x0000000767a00000|100%| E|CS|TAMS 0x0000000767800000, 0x0000000767800000| Complete 
| 309|0x0000000767a00000, 0x0000000767c00000, 0x0000000767c00000|100%| E|CS|TAMS 0x0000000767a00000, 0x0000000767a00000| Complete 
| 310|0x0000000767c00000, 0x0000000767e00000, 0x0000000767e00000|100%| E|CS|TAMS 0x0000000767c00000, 0x0000000767c00000| Complete 
| 311|0x0000000767e00000, 0x0000000768000000, 0x0000000768000000|100%| E|CS|TAMS 0x0000000767e00000, 0x0000000767e00000| Complete 
| 312|0x0000000768000000, 0x0000000768200000, 0x0000000768200000|100%| E|CS|TAMS 0x0000000768000000, 0x0000000768000000| Complete 
| 313|0x0000000768200000, 0x0000000768400000, 0x0000000768400000|100%| E|CS|TAMS 0x0000000768200000, 0x0000000768200000| Complete 
| 314|0x0000000768400000, 0x0000000768600000, 0x0000000768600000|100%| E|CS|TAMS 0x0000000768400000, 0x0000000768400000| Complete 
| 315|0x0000000768600000, 0x0000000768800000, 0x0000000768800000|100%| E|CS|TAMS 0x0000000768600000, 0x0000000768600000| Complete 
| 316|0x0000000768800000, 0x0000000768a00000, 0x0000000768a00000|100%| E|CS|TAMS 0x0000000768800000, 0x0000000768800000| Complete 
| 317|0x0000000768a00000, 0x0000000768c00000, 0x0000000768c00000|100%| E|CS|TAMS 0x0000000768a00000, 0x0000000768a00000| Complete 
| 318|0x0000000768c00000, 0x0000000768e00000, 0x0000000768e00000|100%| E|CS|TAMS 0x0000000768c00000, 0x0000000768c00000| Complete 
| 319|0x0000000768e00000, 0x0000000769000000, 0x0000000769000000|100%| E|CS|TAMS 0x0000000768e00000, 0x0000000768e00000| Complete 
| 320|0x0000000769000000, 0x0000000769200000, 0x0000000769200000|100%| E|CS|TAMS 0x0000000769000000, 0x0000000769000000| Complete 
| 321|0x0000000769200000, 0x0000000769400000, 0x0000000769400000|100%| E|CS|TAMS 0x0000000769200000, 0x0000000769200000| Complete 
| 322|0x0000000769400000, 0x0000000769600000, 0x0000000769600000|100%| E|CS|TAMS 0x0000000769400000, 0x0000000769400000| Complete 
| 323|0x0000000769600000, 0x0000000769800000, 0x0000000769800000|100%| E|CS|TAMS 0x0000000769600000, 0x0000000769600000| Complete 
| 324|0x0000000769800000, 0x0000000769a00000, 0x0000000769a00000|100%| E|CS|TAMS 0x0000000769800000, 0x0000000769800000| Complete 
| 325|0x0000000769a00000, 0x0000000769c00000, 0x0000000769c00000|100%| E|CS|TAMS 0x0000000769a00000, 0x0000000769a00000| Complete 
| 326|0x0000000769c00000, 0x0000000769e00000, 0x0000000769e00000|100%| E|CS|TAMS 0x0000000769c00000, 0x0000000769c00000| Complete 
| 327|0x0000000769e00000, 0x000000076a000000, 0x000000076a000000|100%| E|CS|TAMS 0x0000000769e00000, 0x0000000769e00000| Complete 
| 328|0x000000076a000000, 0x000000076a200000, 0x000000076a200000|100%| E|CS|TAMS 0x000000076a000000, 0x000000076a000000| Complete 
| 329|0x000000076a200000, 0x000000076a400000, 0x000000076a400000|100%| E|CS|TAMS 0x000000076a200000, 0x000000076a200000| Complete 
| 330|0x000000076a400000, 0x000000076a600000, 0x000000076a600000|100%| E|CS|TAMS 0x000000076a400000, 0x000000076a400000| Complete 
| 331|0x000000076a600000, 0x000000076a800000, 0x000000076a800000|100%| E|CS|TAMS 0x000000076a600000, 0x000000076a600000| Complete 
| 332|0x000000076a800000, 0x000000076aa00000, 0x000000076aa00000|100%| E|CS|TAMS 0x000000076a800000, 0x000000076a800000| Complete 
| 333|0x000000076aa00000, 0x000000076ac00000, 0x000000076ac00000|100%| E|CS|TAMS 0x000000076aa00000, 0x000000076aa00000| Complete 
| 334|0x000000076ac00000, 0x000000076ae00000, 0x000000076ae00000|100%| E|CS|TAMS 0x000000076ac00000, 0x000000076ac00000| Complete 
| 335|0x000000076ae00000, 0x000000076b000000, 0x000000076b000000|100%| E|CS|TAMS 0x000000076ae00000, 0x000000076ae00000| Complete 
| 336|0x000000076b000000, 0x000000076b200000, 0x000000076b200000|100%| E|CS|TAMS 0x000000076b000000, 0x000000076b000000| Complete 
| 337|0x000000076b200000, 0x000000076b400000, 0x000000076b400000|100%| E|CS|TAMS 0x000000076b200000, 0x000000076b200000| Complete 
| 338|0x000000076b400000, 0x000000076b600000, 0x000000076b600000|100%| E|CS|TAMS 0x000000076b400000, 0x000000076b400000| Complete 
| 339|0x000000076b600000, 0x000000076b800000, 0x000000076b800000|100%| E|CS|TAMS 0x000000076b600000, 0x000000076b600000| Complete 
| 340|0x000000076b800000, 0x000000076ba00000, 0x000000076ba00000|100%| E|CS|TAMS 0x000000076b800000, 0x000000076b800000| Complete 
| 341|0x000000076ba00000, 0x000000076bc00000, 0x000000076bc00000|100%| E|CS|TAMS 0x000000076ba00000, 0x000000076ba00000| Complete 
| 342|0x000000076bc00000, 0x000000076be00000, 0x000000076be00000|100%| E|CS|TAMS 0x000000076bc00000, 0x000000076bc00000| Complete 
| 343|0x000000076be00000, 0x000000076c000000, 0x000000076c000000|100%| E|CS|TAMS 0x000000076be00000, 0x000000076be00000| Complete 
| 344|0x000000076c000000, 0x000000076c200000, 0x000000076c200000|100%| E|CS|TAMS 0x000000076c000000, 0x000000076c000000| Complete 
| 345|0x000000076c200000, 0x000000076c400000, 0x000000076c400000|100%| E|CS|TAMS 0x000000076c200000, 0x000000076c200000| Complete 
| 346|0x000000076c400000, 0x000000076c600000, 0x000000076c600000|100%| E|CS|TAMS 0x000000076c400000, 0x000000076c400000| Complete 
| 347|0x000000076c600000, 0x000000076c800000, 0x000000076c800000|100%| E|CS|TAMS 0x000000076c600000, 0x000000076c600000| Complete 
| 348|0x000000076c800000, 0x000000076ca00000, 0x000000076ca00000|100%| E|CS|TAMS 0x000000076c800000, 0x000000076c800000| Complete 
| 349|0x000000076ca00000, 0x000000076cc00000, 0x000000076cc00000|100%| E|CS|TAMS 0x000000076ca00000, 0x000000076ca00000| Complete 
| 350|0x000000076cc00000, 0x000000076ce00000, 0x000000076ce00000|100%| E|CS|TAMS 0x000000076cc00000, 0x000000076cc00000| Complete 
| 351|0x000000076ce00000, 0x000000076d000000, 0x000000076d000000|100%| E|CS|TAMS 0x000000076ce00000, 0x000000076ce00000| Complete 
| 352|0x000000076d000000, 0x000000076d200000, 0x000000076d200000|100%| E|CS|TAMS 0x000000076d000000, 0x000000076d000000| Complete 
| 353|0x000000076d200000, 0x000000076d400000, 0x000000076d400000|100%| E|CS|TAMS 0x000000076d200000, 0x000000076d200000| Complete 
| 354|0x000000076d400000, 0x000000076d600000, 0x000000076d600000|100%| E|CS|TAMS 0x000000076d400000, 0x000000076d400000| Complete 
| 355|0x000000076d600000, 0x000000076d800000, 0x000000076d800000|100%| E|CS|TAMS 0x000000076d600000, 0x000000076d600000| Complete 
| 356|0x000000076d800000, 0x000000076da00000, 0x000000076da00000|100%| E|CS|TAMS 0x000000076d800000, 0x000000076d800000| Complete 
| 357|0x000000076da00000, 0x000000076dc00000, 0x000000076dc00000|100%| E|CS|TAMS 0x000000076da00000, 0x000000076da00000| Complete 
| 358|0x000000076dc00000, 0x000000076de00000, 0x000000076de00000|100%| E|CS|TAMS 0x000000076dc00000, 0x000000076dc00000| Complete 
| 359|0x000000076de00000, 0x000000076e000000, 0x000000076e000000|100%| E|CS|TAMS 0x000000076de00000, 0x000000076de00000| Complete 

Card table byte_map: [0x0000016428900000,0x0000016428f00000] _byte_map_base: 0x0000016424ef8000

Marking Bits (Prev, Next): (CMBitMap*) 0x00000164116f80b0, (CMBitMap*) 0x00000164116f8070
 Prev Bits: [0x000001642c4c0000, 0x000001642f480000)
 Next Bits: [0x0000016429500000, 0x000001642c4c0000)

Polling page: 0x0000016410e60000

Metaspace:

Usage:
  Non-class:      7.10 MB used.
      Class:    777.07 KB used.
       Both:      7.86 MB used.

Virtual space:
  Non-class space:       64.00 MB reserved,       7.19 MB ( 11%) committed,  1 nodes.
      Class space:        1.00 GB reserved,     896.00 KB ( <1%) committed,  1 nodes.
             Both:        1.06 GB reserved,       8.06 MB ( <1%) committed. 

Chunk freelists:
   Non-Class:  464.00 KB
       Class:  3.11 MB
        Both:  3.56 MB

MaxMetaspaceSize: unlimited
CompressedClassSpaceSize: 1.00 GB
Initial GC threshold: 21.00 MB
Current GC threshold: 21.00 MB
CDS: on
MetaspaceReclaimPolicy: balanced
 - commit_granule_bytes: 65536.
 - commit_granule_words: 8192.
 - virtual_space_node_default_size: 8388608.
 - enlarge_chunks_in_place: 1.
 - new_chunks_are_fully_committed: 0.
 - uncommit_free_chunks: 1.
 - use_allocation_guard: 0.


Internal statistics:

num_allocs_failed_limit: 0.
num_arena_births: 138.
num_arena_deaths: 0.
num_vsnodes_births: 2.
num_vsnodes_deaths: 0.
num_space_committed: 129.
num_space_uncommitted: 0.
num_chunks_returned_to_freelist: 0.
num_chunks_taken_from_freelist: 175.
num_chunk_merges: 0.
num_chunk_splits: 110.
num_chunks_enlarged: 59.
num_inconsistent_stats: 0.

CodeHeap 'non-profiled nmethods': size=120000Kb used=1498Kb max_used=1498Kb free=118501Kb
 bounds [0x0000016420aa0000, 0x0000016420d10000, 0x0000016427fd0000]
CodeHeap 'profiled nmethods': size=120000Kb used=3530Kb max_used=3530Kb free=116469Kb
 bounds [0x0000016419570000, 0x00000164198f0000, 0x0000016420aa0000]
CodeHeap 'non-nmethods': size=5760Kb used=1356Kb max_used=1409Kb free=4403Kb
 bounds [0x0000016418fd0000, 0x0000016419240000, 0x0000016419570000]
 total_blobs=2515 nmethods=1913 adapters=515
 compilation: enabled
              stopped_count=0, restarted_count=0
 full_count=0

Compilation events (20 events):
Event: 115.789 Thread 0x0000016431e5a1a0 1904       4       sun.awt.windows.WComponentPeer::getGraphics (204 bytes)
Event: 115.801 Thread 0x0000016431e5a1a0 nmethod 1904 0x0000016420c0bc10 code [0x0000016420c0be40, 0x0000016420c0d410]
Event: 130.588 Thread 0x0000016431e5a1a0 1905       4       java.util.HashMap$HashIterator::<init> (79 bytes)
Event: 130.592 Thread 0x0000016431e5a1a0 nmethod 1905 0x0000016420c0e110 code [0x0000016420c0e2a0, 0x0000016420c0e678]
Event: 130.679 Thread 0x0000016431e64c00 1906       3       com.quickscythe.silver.game.board.MenuBoard::draw (296 bytes)
Event: 130.680 Thread 0x0000016431e64c00 nmethod 1906 0x00000164198d8710 code [0x00000164198d8ae0, 0x00000164198da468]
Event: 131.827 Thread 0x0000016431e5a1a0 1907       4       java.util.HashMap::entrySet (27 bytes)
Event: 131.827 Thread 0x0000016431e5a1a0 nmethod 1907 0x0000016420c0e810 code [0x0000016420c0e980, 0x0000016420c0ea18]
Event: 133.527 Thread 0x0000016431e5a1a0 1908       4       java.util.HashMap$EntrySet::iterator (12 bytes)
Event: 133.529 Thread 0x0000016431e5a1a0 nmethod 1908 0x0000016420c0eb10 code [0x0000016420c0eca0, 0x0000016420c0eff8]
Event: 135.591 Thread 0x0000016431e5a1a0 1909       4       java.util.ArrayList$Itr::next (66 bytes)
Event: 135.592 Thread 0x0000016431e5a1a0 nmethod 1909 0x0000016420c0f210 code [0x0000016420c0f3a0, 0x0000016420c0f4f8]
Event: 136.771 Thread 0x0000016431e5a1a0 1910       4       java.util.ArrayList::iterator (9 bytes)
Event: 136.772 Thread 0x0000016431e5a1a0 nmethod 1910 0x0000016420c0f690 code [0x0000016420c0f820, 0x0000016420c0f918]
Event: 137.071 Thread 0x0000016431e5a1a0 1911       4       com.quickscythe.silver.game.board.MenuBoard::draw (296 bytes)
Event: 137.141 Thread 0x0000016431e5a1a0 nmethod 1911 0x0000016420c0fa10 code [0x0000016420c0ff00, 0x0000016420c14088]
Event: 156.611 Thread 0x0000016431e64c00 1912 % !   3       sun.java2d.d3d.D3DScreenUpdateManager::run @ 0 (267 bytes)
Event: 156.613 Thread 0x0000016431e64c00 nmethod 1912% 0x00000164198dac90 code [0x00000164198db100, 0x00000164198ddaa8]
Event: 159.303 Thread 0x0000016431e64c00 1913   !   3       sun.java2d.d3d.D3DScreenUpdateManager::run (267 bytes)
Event: 159.305 Thread 0x0000016431e64c00 nmethod 1913 0x00000164198deb90 code [0x00000164198df000, 0x00000164198e1908]

GC Heap History (20 events):
Event: 1.504 GC heap before
{Heap before GC invocations=14 (full 0):
 garbage-first heap   total 256000K, used 154665K [0x0000000741000000, 0x0000000800000000)
  region size 2048K, 9 young (18432K), 2 survivors (4096K)
 Metaspace       used 6452K, committed 6656K, reserved 1114112K
  class space    used 672K, committed 768K, reserved 1048576K
}
Event: 1.507 GC heap after
{Heap after GC invocations=15 (full 0):
 garbage-first heap   total 256000K, used 142268K [0x0000000741000000, 0x0000000800000000)
  region size 2048K, 2 young (4096K), 2 survivors (4096K)
 Metaspace       used 6452K, committed 6656K, reserved 1114112K
  class space    used 672K, committed 768K, reserved 1048576K
}
Event: 1.520 GC heap before
{Heap before GC invocations=16 (full 0):
 garbage-first heap   total 256000K, used 152508K [0x0000000741000000, 0x0000000800000000)
  region size 2048K, 4 young (8192K), 2 survivors (4096K)
 Metaspace       used 6463K, committed 6656K, reserved 1114112K
  class space    used 673K, committed 768K, reserved 1048576K
}
Event: 1.523 GC heap after
{Heap after GC invocations=17 (full 0):
 garbage-first heap   total 256000K, used 150460K [0x0000000741000000, 0x0000000800000000)
  region size 2048K, 2 young (4096K), 2 survivors (4096K)
 Metaspace       used 6463K, committed 6656K, reserved 1114112K
  class space    used 673K, committed 768K, reserved 1048576K
}
Event: 1.566 GC heap before
{Heap before GC invocations=18 (full 0):
 garbage-first heap   total 270336K, used 168892K [0x0000000741000000, 0x0000000800000000)
  region size 2048K, 8 young (16384K), 2 survivors (4096K)
 Metaspace       used 6696K, committed 6912K, reserved 1114112K
  class space    used 699K, committed 832K, reserved 1048576K
}
Event: 1.568 GC heap after
{Heap after GC invocations=19 (full 0):
 garbage-first heap   total 270336K, used 158726K [0x0000000741000000, 0x0000000800000000)
  region size 2048K, 2 young (4096K), 2 survivors (4096K)
 Metaspace       used 6696K, committed 6912K, reserved 1114112K
  class space    used 699K, committed 832K, reserved 1048576K
}
Event: 1.580 GC heap before
{Heap before GC invocations=20 (full 0):
 garbage-first heap   total 284672K, used 168966K [0x0000000741000000, 0x0000000800000000)
  region size 2048K, 4 young (8192K), 2 survivors (4096K)
 Metaspace       used 6707K, committed 6912K, reserved 1114112K
  class space    used 700K, committed 832K, reserved 1048576K
}
Event: 1.583 GC heap after
{Heap after GC invocations=21 (full 0):
 garbage-first heap   total 284672K, used 167194K [0x0000000741000000, 0x0000000800000000)
  region size 2048K, 2 young (4096K), 2 survivors (4096K)
 Metaspace       used 6707K, committed 6912K, reserved 1114112K
  class space    used 700K, committed 832K, reserved 1048576K
}
Event: 1.628 GC heap before
{Heap before GC invocations=22 (full 0):
 garbage-first heap   total 296960K, used 185626K [0x0000000741000000, 0x0000000800000000)
  region size 2048K, 8 young (16384K), 2 survivors (4096K)
 Metaspace       used 6748K, committed 6976K, reserved 1114112K
  class space    used 707K, committed 832K, reserved 1048576K
}
Event: 1.631 GC heap after
{Heap after GC invocations=23 (full 0):
 garbage-first heap   total 296960K, used 175269K [0x0000000741000000, 0x0000000800000000)
  region size 2048K, 2 young (4096K), 2 survivors (4096K)
 Metaspace       used 6748K, committed 6976K, reserved 1114112K
  class space    used 707K, committed 832K, reserved 1048576K
}
Event: 1.647 GC heap before
{Heap before GC invocations=24 (full 0):
 garbage-first heap   total 311296K, used 185509K [0x0000000741000000, 0x0000000800000000)
  region size 2048K, 4 young (8192K), 2 survivors (4096K)
 Metaspace       used 6748K, committed 6976K, reserved 1114112K
  class space    used 707K, committed 832K, reserved 1048576K
}
Event: 1.649 GC heap after
{Heap after GC invocations=25 (full 0):
 garbage-first heap   total 311296K, used 183401K [0x0000000741000000, 0x0000000800000000)
  region size 2048K, 2 young (4096K), 2 survivors (4096K)
 Metaspace       used 6748K, committed 6976K, reserved 1114112K
  class space    used 707K, committed 832K, reserved 1048576K
}
Event: 1.688 GC heap before
{Heap before GC invocations=26 (full 0):
 garbage-first heap   total 325632K, used 201833K [0x0000000741000000, 0x0000000800000000)
  region size 2048K, 8 young (16384K), 2 survivors (4096K)
 Metaspace       used 6985K, committed 7168K, reserved 1114112K
  class space    used 732K, committed 832K, reserved 1048576K
}
Event: 1.692 GC heap after
{Heap after GC invocations=27 (full 0):
 garbage-first heap   total 325632K, used 191543K [0x0000000741000000, 0x0000000800000000)
  region size 2048K, 2 young (4096K), 2 survivors (4096K)
 Metaspace       used 6985K, committed 7168K, reserved 1114112K
  class space    used 732K, committed 832K, reserved 1048576K
}
Event: 1.701 GC heap before
{Heap before GC invocations=28 (full 0):
 garbage-first heap   total 337920K, used 199735K [0x0000000741000000, 0x0000000800000000)
  region size 2048K, 3 young (6144K), 2 survivors (4096K)
 Metaspace       used 6986K, committed 7168K, reserved 1114112K
  class space    used 732K, committed 832K, reserved 1048576K
}
Event: 1.705 GC heap after
{Heap after GC invocations=29 (full 0):
 garbage-first heap   total 337920K, used 200000K [0x0000000741000000, 0x0000000800000000)
  region size 2048K, 1 young (2048K), 1 survivors (2048K)
 Metaspace       used 6986K, committed 7168K, reserved 1114112K
  class space    used 732K, committed 832K, reserved 1048576K
}
Event: 1.750 GC heap before
{Heap before GC invocations=30 (full 0):
 garbage-first heap   total 356352K, used 218432K [0x0000000741000000, 0x0000000800000000)
  region size 2048K, 7 young (14336K), 1 survivors (2048K)
 Metaspace       used 6988K, committed 7168K, reserved 1114112K
  class space    used 732K, committed 832K, reserved 1048576K
}
Event: 1.751 GC heap after
{Heap after GC invocations=31 (full 0):
 garbage-first heap   total 356352K, used 208203K [0x0000000741000000, 0x0000000800000000)
  region size 2048K, 1 young (2048K), 1 survivors (2048K)
 Metaspace       used 6988K, committed 7168K, reserved 1114112K
  class space    used 732K, committed 832K, reserved 1048576K
}
Event: 1.775 GC heap before
{Heap before GC invocations=32 (full 0):
 garbage-first heap   total 368640K, used 218443K [0x0000000741000000, 0x0000000800000000)
  region size 2048K, 4 young (8192K), 1 survivors (2048K)
 Metaspace       used 6990K, committed 7168K, reserved 1114112K
  class space    used 732K, committed 832K, reserved 1048576K
}
Event: 1.778 GC heap after
{Heap after GC invocations=33 (full 0):
 garbage-first heap   total 737280K, used 222870K [0x0000000741000000, 0x0000000800000000)
  region size 2048K, 4 young (8192K), 4 survivors (8192K)
 Metaspace       used 6990K, committed 7168K, reserved 1114112K
  class space    used 732K, committed 832K, reserved 1048576K
}

Deoptimization events (20 events):
Event: 113.444 Thread 0x000001643d5459b0 Uncommon trap: trap_request=0xffffffc6 fr.pc=0x0000016420bbc54c relative=0x000000000000506c
Event: 113.444 Thread 0x000001643d5459b0 Uncommon trap: reason=bimorphic_or_optimized_type_check action=maybe_recompile pc=0x0000016420bbc54c method=java.awt.EventQueue.dispatchEventImpl(Ljava/awt/AWTEvent;Ljava/lang/Object;)V @ 21 c2
Event: 113.444 Thread 0x000001643d5459b0 DEOPT PACKING pc=0x0000016420bbc54c sp=0x00000059110ff150
Event: 113.444 Thread 0x000001643d5459b0 DEOPT UNPACKING pc=0x00000164190223a3 sp=0x00000059110fef78 mode 2
Event: 113.444 Thread 0x000001643d5459b0 Uncommon trap: trap_request=0xffffffc6 fr.pc=0x0000016420bbc54c relative=0x000000000000506c
Event: 113.444 Thread 0x000001643d5459b0 Uncommon trap: reason=bimorphic_or_optimized_type_check action=maybe_recompile pc=0x0000016420bbc54c method=java.awt.EventQueue.dispatchEventImpl(Ljava/awt/AWTEvent;Ljava/lang/Object;)V @ 21 c2
Event: 113.444 Thread 0x000001643d5459b0 DEOPT PACKING pc=0x0000016420bbc54c sp=0x00000059110ff150
Event: 113.444 Thread 0x000001643d5459b0 DEOPT UNPACKING pc=0x00000164190223a3 sp=0x00000059110fef78 mode 2
Event: 130.528 Thread 0x0000016436bcd570 Uncommon trap: trap_request=0xffffff45 fr.pc=0x0000016420b4e72c relative=0x00000000000036ec
Event: 130.528 Thread 0x0000016436bcd570 Uncommon trap: reason=unstable_if action=reinterpret pc=0x0000016420b4e72c method=com.quickscythe.silver.game.board.MenuBoard.draw(Lcom/quickscythe/silver/game/Camera;Ljava/awt/Graphics;)V @ 141 c2
Event: 130.528 Thread 0x0000016436bcd570 DEOPT PACKING pc=0x0000016420b4e72c sp=0x0000005910eff1b0
Event: 130.528 Thread 0x0000016436bcd570 DEOPT UNPACKING pc=0x00000164190223a3 sp=0x0000005910eff1e0 mode 2
Event: 204.075 Thread 0x0000016436bcd570 Uncommon trap: trap_request=0xffffff45 fr.pc=0x0000016420c0cd54 relative=0x0000000000000f14
Event: 204.075 Thread 0x0000016436bcd570 Uncommon trap: reason=unstable_if action=reinterpret pc=0x0000016420c0cd54 method=sun.java2d.d3d.D3DScreenUpdateManager.createGraphics(Lsun/java2d/SurfaceData;Lsun/awt/windows/WComponentPeer;Ljava/awt/Color;Ljava/awt/Color;Ljava/awt/Font;)Ljava/awt/Graphi
Event: 204.075 Thread 0x0000016436bcd570 DEOPT PACKING pc=0x0000016420c0cd54 sp=0x0000005910efecd0
Event: 204.075 Thread 0x0000016436bcd570 DEOPT UNPACKING pc=0x00000164190223a3 sp=0x0000005910efec90 mode 2
Event: 204.075 Thread 0x0000016436bcd570 Uncommon trap: trap_request=0xffffff45 fr.pc=0x0000016420b31690 relative=0x0000000000000170
Event: 204.075 Thread 0x0000016436bcd570 Uncommon trap: reason=unstable_if action=reinterpret pc=0x0000016420b31690 method=sun.java2d.SurfaceDataProxy.replaceData(Lsun/java2d/SurfaceData;ILsun/java2d/loops/CompositeType;Ljava/awt/Color;)Lsun/java2d/SurfaceData; @ 113 c2
Event: 204.075 Thread 0x0000016436bcd570 DEOPT PACKING pc=0x0000016420b31690 sp=0x0000005910efee10
Event: 204.075 Thread 0x0000016436bcd570 DEOPT UNPACKING pc=0x00000164190223a3 sp=0x0000005910efed88 mode 2

Classes loaded (20 events):
Event: 1.959 Loading class java/lang/InstantiationException
Event: 1.959 Loading class java/lang/InstantiationException done
Event: 1.959 Loading class java/lang/reflect/InvocationTargetException
Event: 1.959 Loading class java/lang/reflect/InvocationTargetException done
Event: 3.629 Loading class java/awt/image/BufferedImageOp
Event: 3.630 Loading class java/awt/image/BufferedImageOp done
Event: 43.622 Loading class java/awt/event/MouseEvent$1
Event: 43.622 Loading class sun/awt/AWTAccessor$MouseEventAccessor
Event: 43.622 Loading class sun/awt/AWTAccessor$MouseEventAccessor done
Event: 43.622 Loading class java/awt/event/MouseEvent$1 done
Event: 43.622 Loading class java/awt/Cursor$CursorDisposer
Event: 43.623 Loading class java/awt/Cursor$CursorDisposer done
Event: 43.623 Loading class java/awt/event/ContainerEvent
Event: 43.623 Loading class java/awt/event/ContainerEvent done
Event: 43.623 Loading class java/awt/event/MouseWheelEvent
Event: 43.623 Loading class java/awt/event/MouseWheelEvent done
Event: 77.127 Loading class java/security/DomainCombiner
Event: 77.127 Loading class java/security/DomainCombiner done
Event: 204.071 Loading class jdk/internal/misc/Signal$1
Event: 204.071 Loading class jdk/internal/misc/Signal$1 done

Classes unloaded (0 events):
No events

Classes redefined (0 events):
No events

Internal exceptions (16 events):
Event: 0.124 Thread 0x000001641169c750 Exception <a 'java/lang/NoSuchMethodError'{0x000000074cc094c8}: 'void java.lang.invoke.DirectMethodHandle$Holder.invokeStatic(java.lang.Object, java.lang.Object, java.lang.Object)'> (0x000000074cc094c8) 
thrown [s\open\src\hotspot\share\interpreter\linkResolver.cpp, line 766]
Event: 0.128 Thread 0x000001641169c750 Exception <a 'java/lang/NoSuchMethodError'{0x000000074cc221e0}: 'java.lang.Object java.lang.invoke.Invokers$Holder.invokeExact_MT(java.lang.Object, java.lang.Object, java.lang.Object, java.lang.Object, java.lang.Object)'> (0x000000074cc221e0) 
thrown [s\open\src\hotspot\share\interpreter\linkResolver.cpp, line 766]
Event: 0.252 Thread 0x000001641169c750 Exception <a 'java/lang/ClassNotFoundException'{0x000000074ca815c8}: sun/awt/resources/spi/awtProvider> (0x000000074ca815c8) 
thrown [s\open\src\hotspot\share\classfile\systemDictionary.cpp, line 255]
Event: 0.285 Thread 0x000001641169c750 Exception <a 'java/io/FileNotFoundException'{0x000000074cafaae0}> (0x000000074cafaae0) 
thrown [s\open\src\hotspot\share\prims\jni.cpp, line 516]
Event: 0.293 Thread 0x000001641169c750 Exception <a 'java/io/FileNotFoundException'{0x000000074cb299d0}> (0x000000074cb299d0) 
thrown [s\open\src\hotspot\share\prims\jni.cpp, line 516]
Event: 0.374 Thread 0x000001641169c750 Exception <a 'java/lang/NoSuchMethodError'{0x000000074c86bad0}: 'java.lang.Object java.lang.invoke.DirectMethodHandle$Holder.invokeStaticInit(java.lang.Object)'> (0x000000074c86bad0) 
thrown [s\open\src\hotspot\share\interpreter\linkResolver.cpp, line 766]
Event: 0.563 Thread 0x000001641169c750 Exception <a 'java/lang/NoSuchMethodError'{0x000000074c99c610}: 'void java.lang.invoke.DirectMethodHandle$Holder.invokeSpecial(java.lang.Object, java.lang.Object, java.lang.Object)'> (0x000000074c99c610) 
thrown [s\open\src\hotspot\share\interpreter\linkResolver.cpp, line 766]
Event: 0.574 Thread 0x000001641169c750 Exception <a 'java/lang/NoSuchMethodError'{0x000000074c9ee720}: 'java.lang.Object java.lang.invoke.DirectMethodHandle$Holder.newInvokeSpecial(java.lang.Object, java.lang.Object, java.lang.Object, java.lang.Object, java.lang.Object)'> (0x000000074c9ee720) 
thrown [s\open\src\hotspot\share\interpreter\linkResolver.cpp, line 766]
Event: 0.580 Thread 0x000001641169c750 Exception <a 'java/lang/NoSuchMethodError'{0x000000074c620cc8}: 'java.lang.Object java.lang.invoke.DirectMethodHandle$Holder.invokeStatic(java.lang.Object, int, java.lang.Object)'> (0x000000074c620cc8) 
thrown [s\open\src\hotspot\share\interpreter\linkResolver.cpp, line 766]
Event: 0.606 Thread 0x000001641169c750 Exception <a 'java/lang/ClassNotFoundException'{0x000000074c6ee2e0}: com/sun/swing/internal/plaf/metal/resources/spi/metalProvider> (0x000000074c6ee2e0) 
thrown [s\open\src\hotspot\share\classfile\systemDictionary.cpp, line 255]
Event: 0.607 Thread 0x000001641169c750 Exception <a 'java/lang/ClassNotFoundException'{0x000000074c6f4e08}: com/sun/swing/internal/plaf/basic/resources/spi/basicProvider> (0x000000074c6f4e08) 
thrown [s\open\src\hotspot\share\classfile\systemDictionary.cpp, line 255]
Event: 0.622 Thread 0x000001641169c750 Exception <a 'java/lang/NoSuchMethodError'{0x000000074c7324a8}: 'int java.lang.invoke.Invokers$Holder.invokeExact_MT(java.lang.Object, java.lang.Object)'> (0x000000074c7324a8) 
thrown [s\open\src\hotspot\share\interpreter\linkResolver.cpp, line 766]
Event: 0.714 Thread 0x0000016436b77e80 Exception <a 'java/lang/NoSuchMethodError'{0x000000074c219368}: 'java.lang.Object java.lang.invoke.DirectMethodHandle$Holder.newInvokeSpecial(java.lang.Object, java.lang.Object, java.lang.Object, int, int, int, int, int)'> (0x000000074c219368) 
thrown [s\open\src\hotspot\share\interpreter\linkResolver.cpp, line 766]
Event: 1.461 Thread 0x0000016436570af0 Exception <a 'java/lang/NoSuchMethodError'{0x0000000750801da8}: 'void java.lang.invoke.DirectMethodHandle$Holder.invokeVirtual(java.lang.Object, java.lang.Object)'> (0x0000000750801da8) 
thrown [s\open\src\hotspot\share\interpreter\linkResolver.cpp, line 766]
Event: 1.479 Thread 0x000001641169c750 Exception <a 'java/lang/NoSuchMethodError'{0x000000075019bc28}: 'void java.lang.invoke.DirectMethodHandle$Holder.invokeStaticInit(java.lang.Object)'> (0x000000075019bc28) 
thrown [s\open\src\hotspot\share\interpreter\linkResolver.cpp, line 766]
Event: 65.104 Thread 0x000001643d5459b0 Implicit null exception at 0x0000016420b85dd8 to 0x0000016420b86034

VM Operations (20 events):
Event: 108.681 Executing VM operation: Cleanup
Event: 108.681 Executing VM operation: Cleanup done
Event: 109.694 Executing VM operation: Cleanup
Event: 109.694 Executing VM operation: Cleanup done
Event: 113.746 Executing VM operation: Cleanup
Event: 113.746 Executing VM operation: Cleanup done
Event: 131.857 Executing VM operation: Cleanup
Event: 131.858 Executing VM operation: Cleanup done
Event: 133.862 Executing VM operation: Cleanup
Event: 133.862 Executing VM operation: Cleanup done
Event: 135.863 Executing VM operation: Cleanup
Event: 135.863 Executing VM operation: Cleanup done
Event: 136.877 Executing VM operation: Cleanup
Event: 136.877 Executing VM operation: Cleanup done
Event: 203.798 Executing VM operation: ChangeBreakpoints
Event: 203.798 Executing VM operation: ChangeBreakpoints done
Event: 203.799 Executing VM operation: ChangeBreakpoints
Event: 203.799 Executing VM operation: ChangeBreakpoints done
Event: 203.799 Executing VM operation: ChangeBreakpoints
Event: 203.799 Executing VM operation: ChangeBreakpoints done

Events (20 events):
Event: 0.377 Thread 0x0000016436570af0 Thread added: 0x0000016436570af0
Event: 0.645 Thread 0x0000016436b77e80 Thread added: 0x0000016436b77e80
Event: 1.440 Thread 0x0000016436109f40 Thread added: 0x0000016436109f40
Event: 1.442 Thread 0x0000016436bcd570 Thread added: 0x0000016436bcd570
Event: 1.444 Thread 0x0000016436204a60 Thread added: 0x0000016436204a60
Event: 1.471 Thread 0x000001643d5459b0 Thread added: 0x000001643d5459b0
Event: 1.488 Loaded shared library C:\Program Files\Java\jdk-18.0.1\bin\freetype.dll
Event: 1.491 Loaded shared library C:\Program Files\Java\jdk-18.0.1\bin\fontmanager.dll
Event: 1.586 Thread 0x000001641169c750 Thread exited: 0x000001641169c750
Event: 1.586 Thread 0x000001641169c750 Thread added: 0x000001641169c750
Event: 1.657 Thread 0x000001643d9c2230 Thread added: 0x000001643d9c2230
Event: 1.748 Thread 0x0000016436204a60 Thread exited: 0x0000016436204a60
Event: 6.828 Thread 0x0000016436b77e80 Thread exited: 0x0000016436b77e80
Event: 203.799 Thread 0x0000016436202c00 Thread exited: 0x0000016436202c00
Event: 203.800 Thread 0x00000164360ec530 Thread exited: 0x00000164360ec530
Event: 204.071 Thread 0x000001643dc26b20 Thread added: 0x000001643dc26b20
Event: 204.072 Thread 0x000001643dc28330 Thread added: 0x000001643dc28330
Event: 204.072 Thread 0x000001643dc28cd0 Thread added: 0x000001643dc28cd0
Event: 204.072 Thread 0x000001643dc28330 Thread exited: 0x000001643dc28330
Event: 204.073 Thread 0x000001643d9c2230 Thread exited: 0x000001643d9c2230


Dynamic libraries:
0x00007ff6ad8d0000 - 0x00007ff6ad8e0000 	C:\Program Files\Java\jdk-18.0.1\bin\java.exe
0x00007ffa11b10000 - 0x00007ffa11d08000 	C:\WINDOWS\SYSTEM32\ntdll.dll
0x00007ffa116b0000 - 0x00007ffa1176d000 	C:\WINDOWS\System32\KERNEL32.DLL
0x00007ffa0f3b0000 - 0x00007ffa0f6a6000 	C:\WINDOWS\System32\KERNELBASE.dll
0x00007ffa0f1e0000 - 0x00007ffa0f2e0000 	C:\WINDOWS\System32\ucrtbase.dll
0x00007ffa0a020000 - 0x00007ffa0a038000 	C:\Program Files\Java\jdk-18.0.1\bin\jli.dll
0x00007ffa09d70000 - 0x00007ffa09d8a000 	C:\Program Files\Java\jdk-18.0.1\bin\VCRUNTIME140.dll
0x00007ffa10920000 - 0x00007ffa109d3000 	C:\WINDOWS\System32\ADVAPI32.dll
0x00007ffa11350000 - 0x00007ffa113ee000 	C:\WINDOWS\System32\msvcrt.dll
0x00007ffa10ae0000 - 0x00007ffa10b7f000 	C:\WINDOWS\System32\sechost.dll
0x00007ffa0fc10000 - 0x00007ffa0fd36000 	C:\WINDOWS\System32\RPCRT4.dll
0x00007ffa0f6b0000 - 0x00007ffa0f6d7000 	C:\WINDOWS\System32\bcrypt.dll
0x00007ffa11510000 - 0x00007ffa116ae000 	C:\WINDOWS\System32\USER32.dll
0x00007ffa0f2e0000 - 0x00007ffa0f302000 	C:\WINDOWS\System32\win32u.dll
0x00007ff9f7710000 - 0x00007ff9f79aa000 	C:\WINDOWS\WinSxS\amd64_microsoft.windows.common-controls_6595b64144ccf1df_6.0.19041.3636_none_60b6a03d71f818d5\COMCTL32.dll
0x00007ffa0fbe0000 - 0x00007ffa0fc0c000 	C:\WINDOWS\System32\GDI32.dll
0x00007ffa0f9d0000 - 0x00007ffa0faea000 	C:\WINDOWS\System32\gdi32full.dll
0x00007ffa0f310000 - 0x00007ffa0f3ad000 	C:\WINDOWS\System32\msvcp_win.dll
0x00007ffa03440000 - 0x00007ffa0344a000 	C:\WINDOWS\SYSTEM32\VERSION.dll
0x00007ffa0fd50000 - 0x00007ffa0fd80000 	C:\WINDOWS\System32\IMM32.DLL
0x00007ffa09db0000 - 0x00007ffa09dbc000 	C:\Program Files\Java\jdk-18.0.1\bin\vcruntime140_1.dll
0x00007ffa02470000 - 0x00007ffa024fd000 	C:\Program Files\Java\jdk-18.0.1\bin\msvcp140.dll
0x00007ff9e4500000 - 0x00007ff9e5110000 	C:\Program Files\Java\jdk-18.0.1\bin\server\jvm.dll
0x00007ffa0fd40000 - 0x00007ffa0fd48000 	C:\WINDOWS\System32\PSAPI.DLL
0x00007ffa03410000 - 0x00007ffa03437000 	C:\WINDOWS\SYSTEM32\WINMM.dll
0x00007ff9fa460000 - 0x00007ff9fa469000 	C:\WINDOWS\SYSTEM32\WSOCK32.dll
0x00007ffa10b80000 - 0x00007ffa10beb000 	C:\WINDOWS\System32\WS2_32.dll
0x00007ffa0cfd0000 - 0x00007ffa0cfe2000 	C:\WINDOWS\SYSTEM32\kernel.appcore.dll
0x00007ffa09c20000 - 0x00007ffa09c2a000 	C:\Program Files\Java\jdk-18.0.1\bin\jimage.dll
0x00007ffa07090000 - 0x00007ffa07274000 	C:\WINDOWS\SYSTEM32\DBGHELP.DLL
0x00007ffa05ec0000 - 0x00007ffa05ef4000 	C:\WINDOWS\SYSTEM32\dbgcore.DLL
0x00007ffa0f940000 - 0x00007ffa0f9c2000 	C:\WINDOWS\System32\bcryptPrimitives.dll
0x00007ffa02430000 - 0x00007ffa0246b000 	C:\Program Files\Java\jdk-18.0.1\bin\jdwp.dll
0x00007ffa09c10000 - 0x00007ffa09c1e000 	C:\Program Files\Java\jdk-18.0.1\bin\instrument.dll
0x00007ffa09930000 - 0x00007ffa09955000 	C:\Program Files\Java\jdk-18.0.1\bin\java.dll
0x00007ffa08900000 - 0x00007ffa08918000 	C:\Program Files\Java\jdk-18.0.1\bin\zip.dll
0x00007ff9ea9d0000 - 0x00007ff9eaaa6000 	C:\Program Files\Java\jdk-18.0.1\bin\jsvml.dll
0x00007ffa100a0000 - 0x00007ffa107e5000 	C:\WINDOWS\System32\SHELL32.dll
0x00007ffa0d2b0000 - 0x00007ffa0da4b000 	C:\WINDOWS\SYSTEM32\windows.storage.dll
0x00007ffa11770000 - 0x00007ffa11ac4000 	C:\WINDOWS\System32\combase.dll
0x00007ffa0ec10000 - 0x00007ffa0ec3d000 	C:\WINDOWS\SYSTEM32\Wldp.dll
0x00007ffa0fe30000 - 0x00007ffa0fedd000 	C:\WINDOWS\System32\SHCORE.dll
0x00007ffa10a80000 - 0x00007ffa10ad5000 	C:\WINDOWS\System32\shlwapi.dll
0x00007ffa0f110000 - 0x00007ffa0f135000 	C:\WINDOWS\SYSTEM32\profapi.dll
0x00007ffa09b20000 - 0x00007ffa09b2c000 	C:\Program Files\Java\jdk-18.0.1\bin\dt_socket.dll
0x00007ffa0e610000 - 0x00007ffa0e64b000 	C:\WINDOWS\SYSTEM32\IPHLPAPI.DLL
0x00007ffa0e970000 - 0x00007ffa0e9da000 	C:\WINDOWS\system32\mswsock.dll
0x00007ffa02740000 - 0x00007ffa02753000 	C:\Program Files\Java\jdk-18.0.1\bin\net.dll
0x00007ffa06f80000 - 0x00007ffa0708a000 	C:\WINDOWS\SYSTEM32\WINHTTP.dll
0x00007ffa02410000 - 0x00007ffa02426000 	C:\Program Files\Java\jdk-18.0.1\bin\nio.dll
0x00007ff9e82b0000 - 0x00007ff9e843f000 	C:\Program Files\Java\jdk-18.0.1\bin\awt.dll
0x00007ffa10850000 - 0x00007ffa1091d000 	C:\WINDOWS\System32\OLEAUT32.dll
0x00007ffa0c9b0000 - 0x00007ffa0ca40000 	C:\WINDOWS\SYSTEM32\apphelp.dll
0x00007ffa0cfa0000 - 0x00007ffa0cfcf000 	C:\WINDOWS\system32\DWMAPI.DLL
0x00007ffa0caf0000 - 0x00007ffa0cb8e000 	C:\WINDOWS\system32\uxtheme.dll
0x00007ff9cdff0000 - 0x00007ff9ce115000 	C:\WINDOWS\system32\opengl32.dll
0x00007ff9e0c90000 - 0x00007ff9e0cbc000 	C:\WINDOWS\SYSTEM32\GLU32.dll
0x00007ff9f8d50000 - 0x00007ff9f8deb000 	C:\Program Files\TeamViewer\tv_x64.dll
0x00007ffa0fee0000 - 0x00007ffa1000b000 	C:\WINDOWS\System32\ole32.dll
0x00007ffa113f0000 - 0x00007ffa11504000 	C:\WINDOWS\System32\MSCTF.dll
0x00007ff9f3740000 - 0x00007ff9f390d000 	C:\WINDOWS\system32\d3d9.dll
0x00007ffa04c80000 - 0x00007ffa04e3b000 	C:\WINDOWS\System32\DriverStore\FileRepository\u0390451.inf_amd64_39377efdd62734d1\B390182\aticfx64.dll
0x00007ff9bc360000 - 0x00007ff9bc394000 	C:\WINDOWS\System32\DriverStore\FileRepository\u0390451.inf_amd64_39377efdd62734d1\B390182\atiu9p64.dll
0x00007ff9b64e0000 - 0x00007ff9b7235000 	C:\WINDOWS\System32\DriverStore\FileRepository\u0390451.inf_amd64_39377efdd62734d1\B390182\atiumd64.dll
0x00000000754c0000 - 0x00000000763e7000 	C:\WINDOWS\System32\DriverStore\FileRepository\u0390451.inf_amd64_39377efdd62734d1\B390182\atiumd6a.dll
0x00007ffa10ee0000 - 0x00007ffa1134e000 	C:\WINDOWS\System32\SETUPAPI.dll
0x00007ffa0f790000 - 0x00007ffa0f7de000 	C:\WINDOWS\System32\cfgmgr32.dll
0x00007ffa0e730000 - 0x00007ffa0e77b000 	C:\WINDOWS\SYSTEM32\POWRPROF.dll
0x00007ffa0e5f0000 - 0x00007ffa0e602000 	C:\WINDOWS\SYSTEM32\UMPDC.dll
0x00007ffa0afb0000 - 0x00007ffa0afe5000 	C:\WINDOWS\SYSTEM32\amdihk64.dll
0x00007ffa03610000 - 0x00007ffa0364b000 	C:\WINDOWS\SYSTEM32\dxcore.dll
0x00007ff9f72a0000 - 0x00007ff9f7329000 	C:\Program Files\Java\jdk-18.0.1\bin\freetype.dll
0x00007ff9e9750000 - 0x00007ff9e97f8000 	C:\Program Files\Java\jdk-18.0.1\bin\fontmanager.dll
0x00007ff9ff560000 - 0x00007ff9ff659000 	C:\WINDOWS\SYSTEM32\textinputframework.dll
0x00007ffa0c730000 - 0x00007ffa0c822000 	C:\WINDOWS\System32\CoreMessaging.dll
0x00007ffa0c220000 - 0x00007ffa0c57b000 	C:\WINDOWS\System32\CoreUIComponents.dll
0x00007ffa0e350000 - 0x00007ffa0e383000 	C:\WINDOWS\SYSTEM32\ntmarta.dll
0x00007ffa0aac0000 - 0x00007ffa0ac15000 	C:\WINDOWS\SYSTEM32\wintypes.dll

dbghelp: loaded successfully - version: 4.0.5 - missing functions: none
symbol engine: initialized successfully - sym options: 0x614 - pdb path: .;C:\Program Files\Java\jdk-18.0.1\bin;C:\WINDOWS\SYSTEM32;C:\WINDOWS\WinSxS\amd64_microsoft.windows.common-controls_6595b64144ccf1df_6.0.19041.3636_none_60b6a03d71f818d5;C:\Program Files\Java\jdk-18.0.1\bin\server;C:\Program Files\TeamViewer;C:\WINDOWS\System32\DriverStore\FileRepository\u0390451.inf_amd64_39377efdd62734d1\B390182

VM Arguments:
jvm_args: -agentlib:jdwp=transport=dt_socket,address=127.0.0.1:60594,suspend=y,server=n -javaagent:C:\Users\Camer\AppData\Local\JetBrains\IdeaIC2023.2\captureAgent\debugger-agent.jar -Dfile.encoding=UTF-8 -Dsun.stdout.encoding=UTF-8 -Dsun.stderr.encoding=UTF-8 
java_command: com.quickscythe.silver.Main
java_class_path (initial): C:\Users\Camer\Development\Workspaces\IntelliJ\project-titanium\target\classes;C:\Users\Camer\.m2\repository\com\github\WilliamAHartman\Jamepad\1.4.0\Jamepad-1.4.0.jar;C:\Users\Camer\.m2\repository\uk\co\electronstudio\sdl2gdx\sdl2gdx\1.0.4\sdl2gdx-1.0.4.jar;C:\Users\Camer\.m2\repository\com\badlogicgames\gdx\gdx\1.9.9\gdx-1.9.9.jar;C:\Users\Camer\.m2\repository\com\badlogicgames\gdx\gdx-controllers\1.9.9\gdx-controllers-1.9.9.jar;C:\Users\Camer\.m2\repository\com\badlogicgames\gdx\gdx-jnigen\1.9.10\gdx-jnigen-1.9.10.jar;C:\Users\Camer\.m2\repository\com\github\javaparser\javaparser-core\2.3.0\javaparser-core-2.3.0.jar;C:\Program Files\JetBrains\IntelliJ IDEA Community Edition 2023.2.3\lib\idea_rt.jar
Launcher Type: SUN_STANDARD

[Global flags]
     intx CICompilerCount                          = 4                                         {product} {ergonomic}
     uint ConcGCThreads                            = 2                                         {product} {ergonomic}
     uint G1ConcRefinementThreads                  = 8                                         {product} {ergonomic}
   size_t G1HeapRegionSize                         = 2097152                                   {product} {ergonomic}
    uintx GCDrainStackTargetSize                   = 64                                        {product} {ergonomic}
   size_t InitialHeapSize                          = 201326592                                 {product} {ergonomic}
   size_t MarkStackSize                            = 4194304                                   {product} {ergonomic}
   size_t MaxHeapSize                              = 3204448256                                {product} {ergonomic}
   size_t MaxNewSize                               = 1920991232                                {product} {ergonomic}
   size_t MinHeapDeltaBytes                        = 2097152                                   {product} {ergonomic}
   size_t MinHeapSize                              = 8388608                                   {product} {ergonomic}
    uintx NonNMethodCodeHeapSize                   = 5839372                                {pd product} {ergonomic}
    uintx NonProfiledCodeHeapSize                  = 122909434                              {pd product} {ergonomic}
    uintx ProfiledCodeHeapSize                     = 122909434                              {pd product} {ergonomic}
    uintx ReservedCodeCacheSize                    = 251658240                              {pd product} {ergonomic}
     bool SegmentedCodeCache                       = true                                      {product} {ergonomic}
   size_t SoftMaxHeapSize                          = 3204448256                             {manageable} {ergonomic}
     bool UseCompressedClassPointers               = true                           {product lp64_product} {ergonomic}
     bool UseCompressedOops                        = true                           {product lp64_product} {ergonomic}
     bool UseG1GC                                  = true                                      {product} {ergonomic}
     bool UseLargePagesIndividualAllocation        = false                                  {pd product} {ergonomic}

Logging:
Log output configuration:
 #0: stdout all=warning uptime,level,tags foldmultilines=false
 #1: stderr all=off uptime,level,tags foldmultilines=false

Environment Variables:
PATH=C:\Program Files\Common Files\Oracle\Java\javapath;C:\Program Files (x86)\Common Files\Oracle\Java\javapath;C:\WINDOWS\system32;C:\WINDOWS;C:\WINDOWS\System32\Wbem;C:\WINDOWS\System32\WindowsPowerShell\v1.0\;C:\WINDOWS\System32\OpenSSH\;C:\Program Files (x86)\Bitvise SSH Client;C:\Program Files\Git\cmd;C:\opt\maven\bin;C:\Program Files\dotnet\;C:\Users\Camer\AppData\Local\Microsoft\WindowsApps;C:\Users\Camer\AppData\Local\GitHubDesktop\bin
USERNAME=quickscythe
OS=Windows_NT
PROCESSOR_IDENTIFIER=AMD64 Family 23 Model 113 Stepping 0, AuthenticAMD



---------------  S Y S T E M  ---------------

OS:
 Windows 10 , 64 bit Build 19041 (10.0.19041.3636)
OS uptime: 20 days 14:57 hours

CPU: total 8 (initial active 8) (8 cores per cpu, 2 threads per core) family 23 model 113 stepping 0 microcode 0x0, cx8, cmov, fxsr, ht, mmx, 3dnowpref, sse, sse2, sse3, ssse3, sse4a, sse4.1, sse4.2, popcnt, lzcnt, tsc, tscinvbit, avx, avx2, aes, clmul, bmi1, bmi2, adx, sha, fma, vzeroupper, clflush, clflushopt

Memory: 4k page, system-wide physical 12218M (6695M free)
TotalPageFile size 36154M (AvailPageFile size 17714M)
current process WorkingSet (physical memory assigned to process): 548M, peak: 598M
current process commit charge ("private bytes"): 976M, peak: 1047M

vm_info: Java HotSpot(TM) 64-Bit Server VM (18.0.1+10-24) for windows-amd64 JRE (18.0.1+10-24), built on Mar  9 2022 22:41:56 by "mach5one" with MS VC++ 16.8 / 16.9 (VS2019)

END.
